#
# A fatal error has been detected by the Java Runtime Environment:
#
#  EXCEPTION_ACCESS_VIOLATION (0xc0000005) at pc=0x00007ffdc1c73004, pid=13396, tid=13668
#
# JRE version: OpenJDK Runtime Environment (24.0.1+9) (build 24.0.1+9-30)
# Java VM: OpenJDK 64-Bit Server VM (24.0.1+9-30, mixed mode, sharing, tiered, compressed oops, compressed class ptrs, g1 gc, windows-amd64)
# Problematic frame:
# C  [libasyncProfiler.dll+0x93004]
#
# No core dump will be written. Minidumps are not enabled by default on client versions of Windows
#
# JFR recording file will be written. Location: A:\Testing\Testing course\Restasur  Rahul\OrangeHRM\hs_err_pid13396.jfr
#
# If you would like to submit a bug report, please visit:
#   https://bugreport.java.com/bugreport/crash.jsp
# The crash happened outside the Java Virtual Machine in native code.
# See problematic frame for where to report the bug.
#

---------------  S U M M A R Y ------------

Command Line: -ea -javaagent:C:\Users\compu\.m2\repository/org/aspectj/aspectjweaver/1.9.24/aspectjweaver-1.9.24.jar -Didea.test.cyclic.buffer.size=1048576 -javaagent:C:\Program Files\JetBrains\IntelliJ IDEA 2024.3.4.1\lib\idea_rt.jar=62662 -javaagent:C:\Users\compu\AppData\Local\JetBrains\IntelliJIdea2024.3\captureAgent\debugger-agent.jar -Dkotlinx.coroutines.debug.enable.creation.stack.trace=false -Ddebugger.agent.enable.coroutines=true -Dkotlinx.coroutines.debug.enable.flows.stack.trace=true -Dkotlinx.coroutines.debug.enable.mutable.state.flows.stack.trace=true -Dfile.encoding=UTF-8 -Dsun.stdout.encoding=UTF-8 -Dsun.stderr.encoding=UTF-8 com.intellij.rt.testng.RemoteTestNGStarter -usedefaultlisteners false -socket62661 @w@C:\Temp\idea_working_dirs_testng.tmp -temp C:\Temp\idea_testng.tmp

Host: Intel(R) Core(TM) i7-4610M CPU @ 3.00GHz, 4 cores, 15G,  Windows 10 , 64 bit Build 19041 (10.0.19041.5915)
Time: Fri Aug  8 01:49:33 2025 Egypt Daylight Time elapsed time: 214.280224 seconds (0d 0h 3m 34s)

---------------  T H R E A D  ---------------

Current thread (0x000001e2f1137210):  JavaThread "Attach Listener" daemon [_thread_in_native, id=13668, stack(0x000000d652b00000,0x000000d652c00000) (1024K)]

Stack: [0x000000d652b00000,0x000000d652c00000],  sp=0x000000d652bfee70,  free space=1019k
Native frames: (J=compiled Java code, j=interpreted, Vv=VM code, C=native code)
C  [libasyncProfiler.dll+0x93004]  (no source info available)
C  [libasyncProfiler.dll+0x934db]  (no source info available)
C  [libasyncProfiler.dll+0x92134]  (no source info available)
C  [libasyncProfiler.dll+0x929aa]  (no source info available)
C  [libasyncProfiler.dll+0x8d561]  (no source info available)
C  [libasyncProfiler.dll+0x7ef21]  (no source info available)
C  [libasyncProfiler.dll+0x7dc38]  (no source info available)
C  [libasyncProfiler.dll+0x7db20]  (no source info available)
C  [libasyncProfiler.dll+0x84af9]  (no source info available)
V  [jvm.dll+0x57eff7]  (no source info available)
V  [jvm.dll+0x57fdac]  (no source info available)
V  [jvm.dll+0x14ca17]  (no source info available)
V  [jvm.dll+0x14dfe1]  (no source info available)
V  [jvm.dll+0x42f456]  (no source info available)
V  [jvm.dll+0x87d76b]  (no source info available)
V  [jvm.dll+0x72ee55]  (no source info available)
C  [ucrtbase.dll+0x21bb2]  (no source info available)
C  [KERNEL32.DLL+0x17374]  (no source info available)
C  [ntdll.dll+0x4cc91]  (no source info available)


siginfo: EXCEPTION_ACCESS_VIOLATION (0xc0000005), reading address 0xffffffffffffffff


Registers:
RAX=0x0000000000000010, RBX=0x0000000000000000, RCX=0xffffffffffffffff, RDX=0x007ffd8ca0300010
RSP=0x000000d652bfee70, RBP=0x000001e2c8aefc68, RSI=0x000000d652bfefe0, RDI=0x000001e2c8aefc68
R8 =0x0000000000000042, R9 =0x0000000705cf37b8, R10=0x00007ffd8cc79fb0, R11=0x000000000000001c
R12=0x000000d652bfefe0, R13=0x000001e2c8ac32b0, R14=0x000001e2f11375d8, R15=0x000001e2f11375d8
RIP=0x00007ffdc1c73004, EFLAGS=0x0000000000010202

XMM[0]=0x0000000000000000 0x0000000000000000
XMM[1]=0x0000000000000000 0x0000000000000000
XMM[2]=0x0000000000000000 0x0000000000000000
XMM[3]=0x0000000000000000 0x0000000000000000
XMM[4]=0x0000000000000000 0x0000000000000000
XMM[5]=0x0000000000000000 0x0000000000000000
XMM[6]=0x0000000000000000 0x0000000000000000
XMM[7]=0x0000000000000000 0x0000000000000000
XMM[8]=0x0000000000000000 0x0000000000000000
XMM[9]=0x0000000000000000 0x0000000000000000
XMM[10]=0x0000000000000000 0x0000000000000000
XMM[11]=0x0000000000000000 0x0000000000000000
XMM[12]=0x0000000000000000 0x0000000000000000
XMM[13]=0x0000000000000000 0x0000000000000000
XMM[14]=0x0000000000000000 0x0000000000000000
XMM[15]=0x0000000000000000 0x0000000000000000
  MXCSR=0x00001fa0


Register to memory mapping:

RAX=0x0000000000000010 is an unknown value
RBX=0x0 is null
RCX=0xffffffffffffffff is an unknown value
RDX=0x007ffd8ca0300010 is an unknown value
RSP=0x000000d652bfee70 is pointing into the stack for thread: 0x000001e2f1137210
RBP=0x000001e2c8aefc68 points into unknown readable memory: 0x0000000705cf37b8 | b8 37 cf 05 07 00 00 00
RSI=0x000000d652bfefe0 is pointing into the stack for thread: 0x000001e2f1137210
RDI=0x000001e2c8aefc68 points into unknown readable memory: 0x0000000705cf37b8 | b8 37 cf 05 07 00 00 00
R8 =0x0000000000000042 is an unknown value
R9 =0x0000000705cf37b8 is an oop: java.lang.Thread 
{0x0000000705cf37b8} - klass: 'java/lang/Thread' - flags: 

 - ---- fields (total size 14 words):
 - 'threadLocalRandomProbe' 'I' @12  -1640531527 (0x9e3779b9)
 - private volatile 'eetop' 'J' @16  2073665417328 (0x000001e2d0173070)
 - private final 'tid' 'J' @24  3 (0x0000000000000003)
 - 'threadLocalRandomSeed' 'J' @32  -195634922490403066 (0xfd48f713134c6706)
 - injected 'jvmti_thread_state' 'J' @40  2073488150160 (0x000001e2c5864e90)
 - 'threadLocalRandomSecondarySeed' 'I' @48  603388926 (0x23f6fbfe)
 - injected 'jvmti_VTMS_transition_disable_count' 'I' @52  0 (0x00000000)
 - injected 'jfr_epoch' 'S' @56  0 (0x0000)
 - volatile 'interrupted' 'Z' @58  false (0x00)
 - injected 'jvmti_is_in_VTMS_transition' 'Z' @59  false (0x00)
 - private volatile 'name' 'Ljava/lang/String;' @60  "Forwarding newSession on session null to remote"{0x00000007150ef6c0} (0xe2a1ded8)
 - private volatile 'contextClassLoader' 'Ljava/lang/ClassLoader;' @64  a 'jdk/internal/loader/ClassLoaders$AppClassLoader'{0x0000000705c1b960} (0xe0b8372c)
 - private final 'holder' 'Ljava/lang/Thread$FieldHolder;' @68  a 'java/lang/Thread$FieldHolder'{0x00000007057b6300} (0xe0af6c60)
 - 'threadLocals' 'Ljava/lang/ThreadLocal$ThreadLocalMap;' @72  a 'java/lang/ThreadLocal$ThreadLocalMap'{0x00000007057b4008} (0xe0af6801)
 - 'inheritableThreadLocals' 'Ljava/lang/ThreadLocal$ThreadLocalMap;' @76  a 'java/lang/ThreadLocal$ThreadLocalMap'{0x0000000710e419a0} (0xe21c8334)
 - private 'scopedValueBindings' 'Ljava/lang/Object;' @80  a 'java/lang/Class'{0x0000000707600390} = 'java/lang/Thread' (0xe0ec0072)
 - final 'interruptLock' 'Ljava/lang/Object;' @84  a 'java/lang/Object'{0x00000007057b3ff8} (0xe0af67ff)
 - private volatile 'parkBlocker' 'Ljava/lang/Object;' @88  a 'java/util/concurrent/CompletableFuture$Signaller'{0x000000071513a2d8} (0xe2a2745b)
 - private 'nioBlocker' 'Lsun/nio/ch/Interruptible;' @92  null (0x00000000)
 - private 'cont' 'Ljdk/internal/vm/Continuation;' @96  null (0x00000000)
 - private volatile 'uncaughtExceptionHandler' 'Ljava/lang/Thread$UncaughtExceptionHandler;' @100  null (0x00000000)
 - private 'container' 'Ljdk/internal/vm/ThreadContainer;' @104  null (0x00000000)
 - private volatile 'headStackableScopes' 'Ljdk/internal/vm/StackableScope;' @108  null (0x00000000)
R10=0x00007ffd8cc79fb0 jvm.dll
R11=0x000000000000001c is an unknown value
R12=0x000000d652bfefe0 is pointing into the stack for thread: 0x000001e2f1137210
R13=0x000001e2c8ac32b0 points into unknown readable memory: 0x00007ffd8cbea510 | 10 a5 be 8c fd 7f 00 00
R14=0x000001e2f11375d8 points into unknown readable memory: 0x00007ffd8cbe17b0 | b0 17 be 8c fd 7f 00 00
R15=0x000001e2f11375d8 points into unknown readable memory: 0x00007ffd8cbe17b0 | b0 17 be 8c fd 7f 00 00

Top of Stack: (sp=0x000000d652bfee70)
0x000000d652bfee70:   000000d652bfefe0 000001e2c8aefc68   ...R....h.......
0x000000d652bfee80:   0000000000000000 000001e2f1137960   ........`y......
0x000000d652bfee90:   0000000000000022 00007ffdc1c734db   "........4......
0x000000d652bfeea0:   0000000000000000 000001e2f11375d8   .........u......
0x000000d652bfeeb0:   000000d652bfef01 0000000000000000   ...R............
0x000000d652bfeec0:   000001e2c9ededa0 00007ffdc1c72134   ........4!......
0x000000d652bfeed0:   0000000000000000 0000000000000022   ........".......
0x000000d652bfeee0:   0000000000000000 0000000000000022   ........".......
0x000000d652bfeef0:   0000001100000000 000001e2c6d226a0   .........&......
0x000000d652bfef00:   000001e2c9ededa0 000001e2c9edee28   ........(.......
0x000000d652bfef10:   000001e2c9edee48 0000000000004264   H.......dB......
0x000000d652bfef20:   0000000000000000 0000000000000000   ................
0x000000d652bfef30:   0000000000000000 00007ffd8c4457d4   .........WD.....
0x000000d652bfef40:   00007ffdc1dcae00 0000000000003454   ........T4......
0x000000d652bfef50:   00007ffdc1dcae00 00000000ffffffff   ................
0x000000d652bfef60:   0000000000000000 00007ffdc1c729aa   .........)......
0x000000d652bfef70:   000001e2f11375d8 0000000000000000   .u..............
0x000000d652bfef80:   000000d652bfefe9 000001e2c8ac32b0   ...R.....2......
0x000000d652bfef90:   0000000000000003 0000000000000048   ........H.......
0x000000d652bfefa0:   0000000800800390 0000000000000020   ........ .......
0x000000d652bfefb0:   000001e2f11375d8 00007ffdc1dcae00   .u..............
0x000000d652bfefc0:   000001e2f1135c30 000001e2c5865a90   0\.......Z......
0x000000d652bfefd0:   0000000800800390 000001e2f11375d8   .........u......
0x000000d652bfefe0:   000001e2c6c19a20 000001e2c6c19e60    .......`.......
0x000000d652bfeff0:   000001e2c6c19e60 00007ffdc1dcae00   `...............
0x000000d652bff000:   000000d652bff178 000001e2d0130000   x..R............
0x000000d652bff010:   000000d652bff2b0 0000000000008840   ...R....@.......
0x000000d652bff020:   000000d652bff490 00007ffdc1dcae50   ...R....P.......
0x000000d652bff030:   0000000000989680 0000000000989680   ................
0x000000d652bff040:   000000d652bff150 00007ffdc1c6d561   P..R....a.......
0x000000d652bff050:   00007ffdc1dcae00 00007ffdc1dcae58   ........X.......
0x000000d652bff060:   00007ffd00000000 00007ffd00000001   ................

Instructions: (pc=0x00007ffdc1c73004)
  0x00007ffdc1c72f04:   cc cc cc cc cc cc cc cc cc cc cc cc cc cc cc cc
  0x00007ffdc1c72f14:   cc cc cc cc cc cc cc cc cc cc cc cc cc cc cc cc
  0x00007ffdc1c72f24:   cc cc cc cc cc cc cc cc cc cc cc cc cc cc cc cc
  0x00007ffdc1c72f34:   cc cc cc cc cc cc cc cc cc cc cc cc cc cc cc cc
  0x00007ffdc1c72f44:   cc cc cc cc cc cc cc cc cc cc cc cc cc cc cc cc
  0x00007ffdc1c72f54:   cc cc cc cc cc cc cc cc cc cc cc cc cc cc cc cc
  0x00007ffdc1c72f64:   cc cc cc cc cc cc cc cc cc cc cc cc cc cc cc cc
  0x00007ffdc1c72f74:   cc cc cc cc cc cc cc cc cc cc cc cc cc cc cc cc
  0x00007ffdc1c72f84:   cc cc cc cc cc cc cc cc cc cc cc cc 40 57 48 83
  0x00007ffdc1c72f94:   ec 20 48 8b f9 48 8b 0d 30 80 15 00 48 85 c9 74
  0x00007ffdc1c72fa4:   20 48 8b 01 48 8d 54 24 38 41 b8 06 00 01 00 4c
  0x00007ffdc1c72fb4:   8b 48 30 41 ff d1 85 c0 75 07 48 8b 4c 24 38 eb
  0x00007ffdc1c72fc4:   02 33 c9 4c 8b 05 0a 81 15 00 48 89 5c 24 30 4d
  0x00007ffdc1c72fd4:   85 c0 74 4a 48 8b 01 48 8b d7 4c 8b 88 28 03 00
  0x00007ffdc1c72fe4:   00 41 ff d1 48 85 c0 74 35 48 63 0d b8 3d 15 00
  0x00007ffdc1c72ff4:   48 8b 14 01 48 85 d2 74 15 48 63 05 bc 3d 15 00
=>0x00007ffdc1c73004:   8b 04 10 48 8b 5c 24 30 48 83 c4 20 5f c3 b8 ff
  0x00007ffdc1c73014:   ff ff ff 48 8b 5c 24 30 48 83 c4 20 5f c3 80 3d
  0x00007ffdc1c73024:   bb 7f 15 00 00 bb ff ff ff ff 74 20 4c 8b 0d 51
  0x00007ffdc1c73034:   7c 15 00 4c 8d 44 24 38 48 8b 0d 35 7c 15 00 48
  0x00007ffdc1c73044:   8b d7 41 ff d1 85 c0 0f 44 5c 24 38 8b c3 48 8b
  0x00007ffdc1c73054:   5c 24 30 48 83 c4 20 5f c3 cc cc cc cc cc cc cc
  0x00007ffdc1c73064:   cc cc cc cc cc cc cc cc cc cc cc cc cc cc cc cc
  0x00007ffdc1c73074:   cc cc cc cc cc cc cc cc cc cc cc cc cc cc cc cc
  0x00007ffdc1c73084:   cc cc cc cc cc cc cc cc cc cc cc cc 48 89 54 24
  0x00007ffdc1c73094:   10 53 55 56 57 41 56 41 57 48 83 ec 28 48 8b f2
  0x00007ffdc1c730a4:   4c 8b f1 48 89 4c 24 78 45 33 ff 44 89 7c 24 68
  0x00007ffdc1c730b4:   c7 44 24 60 01 00 00 00 48 8d 4c 24 68 e8 69 3c
  0x00007ffdc1c730c4:   f7 ff 8b d8 48 8d 4c 24 60 e8 5d 3c f7 ff 8b e8
  0x00007ffdc1c730d4:   49 8b ce e8 33 f3 f6 ff 48 8b f8 90 8b c3 f0 0f
  0x00007ffdc1c730e4:   b1 2f 74 04 f3 90 eb f4 4c 89 3e 4c 89 7e 08 4c
  0x00007ffdc1c730f4:   89 7e 10 49 8b 6e 08 4d 8b 76 10 49 3b ee 0f 84


Stack slot to memory mapping:

stack at sp + 0 slots: 0x000000d652bfefe0 is pointing into the stack for thread: 0x000001e2f1137210
stack at sp + 1 slots: 0x000001e2c8aefc68 points into unknown readable memory: 0x0000000705cf37b8 | b8 37 cf 05 07 00 00 00
stack at sp + 2 slots: 0x0 is null
stack at sp + 3 slots: 0x000001e2f1137960 points into unknown readable memory: 0x6e616c2e6176616a | 6a 61 76 61 2e 6c 61 6e
stack at sp + 4 slots: 0x0000000000000022 is an unknown value
stack at sp + 5 slots: 0x00007ffdc1c734db libasyncProfiler.dll
stack at sp + 6 slots: 0x0 is null
stack at sp + 7 slots: 0x000001e2f11375d8 points into unknown readable memory: 0x00007ffd8cbe17b0 | b0 17 be 8c fd 7f 00 00

Lock stack of current Java thread (top to bottom):


---------------  P R O C E S S  ---------------

Threads class SMR info:
_java_thread_list=0x000001e2c8d837b0, length=25, elements={
0x000001e2d0173070, 0x000001e2f112f930, 0x000001e2f1130920, 0x000001e2f11366e0,
0x000001e2f1137210, 0x000001e2f1137fc0, 0x000001e2f1138af0, 0x000001e2f113bf70,
0x000001e2f114d840, 0x000001e2c5172710, 0x000001e2c61fafb0, 0x000001e2c6126000,
0x000001e2c5ae8a20, 0x000001e2c5ae9160, 0x000001e2c6448830, 0x000001e2c6686e40,
0x000001e2c67e3e60, 0x000001e2c7d98990, 0x000001e2c7d9da00, 0x000001e2c7d990e0,
0x000001e2c7d9ae20, 0x000001e2c6e934e0, 0x000001e2c6e95220, 0x000001e2c9a96d00,
0x000001e2c9a94fc0
}

Java Threads: ( => current thread )
  0x000001e2d0173070 JavaThread "Forwarding newSession on session null to remote"        [_thread_blocked, id=14500, stack(0x000000d652000000,0x000000d652100000) (1024K)]
  0x000001e2f112f930 JavaThread "Reference Handler"          daemon [_thread_blocked, id=864, stack(0x000000d652800000,0x000000d652900000) (1024K)]
  0x000001e2f1130920 JavaThread "Finalizer"                  daemon [_thread_blocked, id=8564, stack(0x000000d652900000,0x000000d652a00000) (1024K)]
  0x000001e2f11366e0 JavaThread "Signal Dispatcher"          daemon [_thread_blocked, id=5740, stack(0x000000d652a00000,0x000000d652b00000) (1024K)]
=>0x000001e2f1137210 JavaThread "Attach Listener"            daemon [_thread_in_native, id=13668, stack(0x000000d652b00000,0x000000d652c00000) (1024K)]
  0x000001e2f1137fc0 JavaThread "Service Thread"             daemon [_thread_blocked, id=16960, stack(0x000000d652c00000,0x000000d652d00000) (1024K)]
  0x000001e2f1138af0 JavaThread "Monitor Deflation Thread"   daemon [_thread_blocked, id=17400, stack(0x000000d652d00000,0x000000d652e00000) (1024K)]
  0x000001e2f113bf70 JavaThread "C2 CompilerThread0"         daemon [_thread_blocked, id=16976, stack(0x000000d652e00000,0x000000d652f00000) (1024K)]
  0x000001e2f114d840 JavaThread "C1 CompilerThread0"         daemon [_thread_blocked, id=16028, stack(0x000000d652f00000,0x000000d653000000) (1024K)]
  0x000001e2c5172710 JavaThread "Common-Cleaner"             daemon [_thread_blocked, id=11884, stack(0x000000d653000000,0x000000d653100000) (1024K)]
  0x000001e2c61fafb0 JavaThread "RMI TCP Accept-0"           daemon [_thread_in_native, id=15676, stack(0x000000d653200000,0x000000d653300000) (1024K)]
  0x000001e2c6126000 JavaThread "RMI TCP Connection(1)-169.254.242.211" daemon [_thread_in_native, id=13864, stack(0x000000d653300000,0x000000d653400000) (1024K)]
  0x000001e2c5ae8a20 JavaThread "RMI Scheduler(0)"           daemon [_thread_blocked, id=11164, stack(0x000000d653400000,0x000000d653500000) (1024K)]
  0x000001e2c5ae9160 JavaThread "JMX server connection timeout 27" daemon [_thread_blocked, id=16760, stack(0x000000d653500000,0x000000d653600000) (1024K)]
  0x000001e2c6448830 JavaThread "Monitor Ctrl-Break"         daemon [_thread_in_native, id=16608, stack(0x000000d653900000,0x000000d653a00000) (1024K)]
  0x000001e2c6686e40 JavaThread "Notification Thread"        daemon [_thread_blocked, id=7716, stack(0x000000d653a00000,0x000000d653b00000) (1024K)]
  0x000001e2c67e3e60 JavaThread "HttpClient-1-SelectorManager" daemon [_thread_in_native, id=2648, stack(0x000000d653b00000,0x000000d653c00000) (1024K)]
  0x000001e2c7d98990 JavaThread "ForkJoinPool.commonPool-worker-1" daemon [_thread_blocked, id=12388, stack(0x000000d651d00000,0x000000d651e00000) (1024K)]
  0x000001e2c7d9da00 JavaThread "HttpClient-2-SelectorManager" daemon [_thread_in_native, id=14516, stack(0x000000d651e00000,0x000000d651f00000) (1024K)]
  0x000001e2c7d990e0 JavaThread "JFR Recorder Thread"        daemon [_thread_in_native, id=14968, stack(0x000000d653c00000,0x000000d653d00000) (1024K)]
  0x000001e2c7d9ae20 JavaThread "JFR Periodic Tasks"         daemon [_thread_blocked, id=16996, stack(0x000000d653d00000,0x000000d653e00000) (1024K)]
  0x000001e2c6e934e0 JavaThread "External Process Output Forwarder - C:\Users\compu\.cache\selenium\chromedriver\win64\138.0.7204.183\chromedriver.exe" daemon [_thread_in_native, id=14992, stack(0x000000d653e00000,0x000000d653f00000) (1024K)]
  0x000001e2c6e95220 JavaThread "Driver Service Executor"    daemon [_thread_blocked, id=4140, stack(0x000000d653f00000,0x000000d654000000) (1024K)]
  0x000001e2c9a96d00 JavaThread "Driver Service Executor"    daemon [_thread_in_native, id=16188, stack(0x000000d654000000,0x000000d654100000) (1024K)]
  0x000001e2c9a94fc0 JavaThread "UrlChecker-2"               daemon [_thread_blocked, id=14104, stack(0x000000d654100000,0x000000d654200000) (1024K)]
Total: 25

Other Threads:
  0x000001e2f111e3e0 VMThread "VM Thread"                           [id=11876, stack(0x000000d652700000,0x000000d652800000) (1024K)]
  0x000001e2f11130d0 WatcherThread "VM Periodic Task Thread"        [id=11508, stack(0x000000d652600000,0x000000d652700000) (1024K)]
  0x000001e2d24a1280 WorkerThread "GC Thread#0"                     [id=3572, stack(0x000000d652100000,0x000000d652200000) (1024K)]
  0x000001e2c589efa0 WorkerThread "GC Thread#1"                     [id=10160, stack(0x000000d653600000,0x000000d653700000) (1024K)]
  0x000001e2c589f350 WorkerThread "GC Thread#2"                     [id=12412, stack(0x000000d653700000,0x000000d653800000) (1024K)]
  0x000001e2c589fe60 WorkerThread "GC Thread#3"                     [id=9776, stack(0x000000d653800000,0x000000d653900000) (1024K)]
  0x000001e2d24b5bd0 ConcurrentGCThread "G1 Main Marker"            [id=13208, stack(0x000000d652200000,0x000000d652300000) (1024K)]
  0x000001e2d24b7da0 WorkerThread "G1 Conc#0"                       [id=15708, stack(0x000000d652300000,0x000000d652400000) (1024K)]
  0x000001e2f0fd2560 ConcurrentGCThread "G1 Refine#0"               [id=16260, stack(0x000000d652400000,0x000000d652500000) (1024K)]
  0x000001e2f0fd2f80 ConcurrentGCThread "G1 Service"                [id=12252, stack(0x000000d652500000,0x000000d652600000) (1024K)]
Total: 10

Threads with active compile tasks:
Total: 0

VM state: not at safepoint (normal execution)

VM Mutex/Monitor currently owned by a thread: None

Heap address: 0x0000000705400000, size: 4012 MB, Compressed Oops mode: Zero based, Oop shift amount: 3

CDS archive(s) mapped at: [0x000001e280000000-0x000001e280d40000-0x000001e280d40000), size 13893632, SharedBaseAddress: 0x000001e280000000, ArchiveRelocationMode: 1.
Compressed class space mapped at: 0x000001e281000000-0x000001e2c1000000, reserved size: 1073741824
UseCompressedClassPointers 1, UseCompactObjectHeaders 0
Narrow klass pointer bits 32, Max shift 3
Narrow klass base: 0x000001e280000000, Narrow klass shift: 0
Encoding Range: [0x000001e280000000 - 0x000001e380000000), (4294967296 bytes)
Klass Range:    [0x000001e280000000 - 0x000001e2c1000000), (1090519040 bytes)
Klass ID Range:  [8 - 1090519033) (1090519025)

GC Precious Log:
 CardTable entry size: 512
 Card Set container configuration: InlinePtr #cards 4 size 8 Array Of Cards #cards 16 size 48 Howl #buckets 8 coarsen threshold 3686 Howl Bitmap #cards 512 size 80 coarsen threshold 460 Card regions per heap region 1 cards per card region 4096
 CPUs: 4 total, 4 available
 Memory: 16041M
 Large Page Support: Disabled
 NUMA Support: Disabled
 Compressed Oops: Enabled (Zero based)
 Heap Region Size: 2M
 Heap Min Capacity: 8M
 Heap Initial Capacity: 252M
 Heap Max Capacity: 4012M
 Pre-touch: Disabled
 Parallel Workers: 4
 Concurrent Workers: 1
 Concurrent Refinement Workers: 4
 Periodic GC: Disabled

Heap:
 garbage-first heap   total reserved 4108288K, committed 301056K, used 265367K [0x0000000705400000, 0x0000000800000000)
  region size 2048K, 16 young (32768K), 3 survivors (6144K)
 Metaspace       used 39274K, committed 39616K, reserved 1114112K
  class space    used 3706K, committed 3840K, reserved 1048576K

Heap Regions: E=young(eden), S=young(survivor), O=old, HS=humongous(starts), HC=humongous(continues), CS=collection set, F=free, TAMS=top-at-mark-start, PB=parsable bottom
|   0|0x0000000705400000, 0x0000000705600000, 0x0000000705600000|100%| O|  |TAMS 0x0000000705400000| PB 0x0000000705400000| Untracked |  0
|   1|0x0000000705600000, 0x0000000705800000, 0x0000000705800000|100%| O|  |TAMS 0x0000000705600000| PB 0x0000000705600000| Untracked |  0
|   2|0x0000000705800000, 0x0000000705a00000, 0x0000000705a00000|100%| O|  |TAMS 0x0000000705800000| PB 0x0000000705800000| Untracked |  0
|   3|0x0000000705a00000, 0x0000000705c00000, 0x0000000705c00000|100%| O|  |TAMS 0x0000000705a00000| PB 0x0000000705a00000| Untracked |  0
|   4|0x0000000705c00000, 0x0000000705e00000, 0x0000000705e00000|100%| O|  |TAMS 0x0000000705c00000| PB 0x0000000705c00000| Untracked |  0
|   5|0x0000000705e00000, 0x0000000706000000, 0x0000000706000000|100%| O|  |TAMS 0x0000000705e00000| PB 0x0000000705e00000| Untracked |  0
|   6|0x0000000706000000, 0x0000000706200000, 0x0000000706200000|100%| O|  |TAMS 0x0000000706000000| PB 0x0000000706000000| Untracked |  0
|   7|0x0000000706200000, 0x0000000706400000, 0x0000000706400000|100%| O|  |TAMS 0x0000000706200000| PB 0x0000000706200000| Untracked |  0
|   8|0x0000000706400000, 0x0000000706600000, 0x0000000706600000|100%| O|  |TAMS 0x0000000706400000| PB 0x0000000706400000| Untracked |  0
|   9|0x0000000706600000, 0x0000000706800000, 0x0000000706800000|100%| O|  |TAMS 0x0000000706600000| PB 0x0000000706600000| Untracked |  0
|  10|0x0000000706800000, 0x0000000706a00000, 0x0000000706a00000|100%| O|  |TAMS 0x0000000706800000| PB 0x0000000706800000| Untracked |  0
|  11|0x0000000706a00000, 0x0000000706a52010, 0x0000000706c00000| 16%| O|Cm|TAMS 0x0000000706a00000| PB 0x0000000706a00000| Complete |  0
|  12|0x0000000706c00000, 0x0000000706e00000, 0x0000000706e00000|100%| O|  |TAMS 0x0000000706c00000| PB 0x0000000706c00000| Untracked |  0
|  13|0x0000000706e00000, 0x0000000707000000, 0x0000000707000000|100%| O|  |TAMS 0x0000000706e00000| PB 0x0000000706e00000| Untracked |  0
|  14|0x0000000707000000, 0x0000000707200000, 0x0000000707200000|100%| O|  |TAMS 0x0000000707000000| PB 0x0000000707000000| Untracked |  0
|  15|0x0000000707200000, 0x0000000707400000, 0x0000000707400000|100%| O|  |TAMS 0x0000000707200000| PB 0x0000000707200000| Untracked |  0
|  16|0x0000000707400000, 0x0000000707600000, 0x0000000707600000|100%| O|  |TAMS 0x0000000707400000| PB 0x0000000707400000| Untracked |  0
|  17|0x0000000707600000, 0x0000000707800000, 0x0000000707800000|100%| O|  |TAMS 0x0000000707600000| PB 0x0000000707600000| Untracked |  0
|  18|0x0000000707800000, 0x0000000707a00000, 0x0000000707a00000|100%| O|  |TAMS 0x0000000707800000| PB 0x0000000707800000| Untracked |  0
|  19|0x0000000707a00000, 0x0000000707c00000, 0x0000000707c00000|100%| O|  |TAMS 0x0000000707a00000| PB 0x0000000707a00000| Untracked |  0
|  20|0x0000000707c00000, 0x0000000707e00000, 0x0000000707e00000|100%| O|  |TAMS 0x0000000707c00000| PB 0x0000000707c00000| Untracked |  0
|  21|0x0000000707e00000, 0x0000000707ffedb0, 0x0000000708000000| 99%| O|  |TAMS 0x0000000707e00000| PB 0x0000000707e00000| Untracked |  0
|  22|0x0000000708000000, 0x0000000708000000, 0x0000000708200000|  0%| F|  |TAMS 0x0000000708000000| PB 0x0000000708000000| Untracked |  0
|  23|0x0000000708200000, 0x0000000708400000, 0x0000000708400000|100%| O|  |TAMS 0x0000000708200000| PB 0x0000000708200000| Untracked |  0
|  24|0x0000000708400000, 0x0000000708600000, 0x0000000708600000|100%|HS|  |TAMS 0x0000000708400000| PB 0x0000000708400000| Complete |  0
|  25|0x0000000708600000, 0x0000000708800000, 0x0000000708800000|100%|HC|  |TAMS 0x0000000708600000| PB 0x0000000708600000| Complete |  0
|  26|0x0000000708800000, 0x0000000708a00000, 0x0000000708a00000|100%|HC|  |TAMS 0x0000000708800000| PB 0x0000000708800000| Complete |  0
|  27|0x0000000708a00000, 0x0000000708c00000, 0x0000000708c00000|100%|HC|  |TAMS 0x0000000708a00000| PB 0x0000000708a00000| Complete |  0
|  28|0x0000000708c00000, 0x0000000708e00000, 0x0000000708e00000|100%|HC|  |TAMS 0x0000000708c00000| PB 0x0000000708c00000| Complete |  0
|  29|0x0000000708e00000, 0x0000000709000000, 0x0000000709000000|100%|HC|  |TAMS 0x0000000708e00000| PB 0x0000000708e00000| Complete |  0
|  30|0x0000000709000000, 0x0000000709200000, 0x0000000709200000|100%|HC|  |TAMS 0x0000000709000000| PB 0x0000000709000000| Complete |  0
|  31|0x0000000709200000, 0x0000000709400000, 0x0000000709400000|100%|HC|  |TAMS 0x0000000709200000| PB 0x0000000709200000| Complete |  0
|  32|0x0000000709400000, 0x0000000709600000, 0x0000000709600000|100%|HC|  |TAMS 0x0000000709400000| PB 0x0000000709400000| Complete |  0
|  33|0x0000000709600000, 0x0000000709800000, 0x0000000709800000|100%|HS|  |TAMS 0x0000000709600000| PB 0x0000000709600000| Complete |  0
|  34|0x0000000709800000, 0x0000000709a00000, 0x0000000709a00000|100%|HC|  |TAMS 0x0000000709800000| PB 0x0000000709800000| Complete |  0
|  35|0x0000000709a00000, 0x0000000709c00000, 0x0000000709c00000|100%|HC|  |TAMS 0x0000000709a00000| PB 0x0000000709a00000| Complete |  0
|  36|0x0000000709c00000, 0x0000000709e00000, 0x0000000709e00000|100%|HC|  |TAMS 0x0000000709c00000| PB 0x0000000709c00000| Complete |  0
|  37|0x0000000709e00000, 0x000000070a000000, 0x000000070a000000|100%|HC|  |TAMS 0x0000000709e00000| PB 0x0000000709e00000| Complete |  0
|  38|0x000000070a000000, 0x000000070a200000, 0x000000070a200000|100%|HC|  |TAMS 0x000000070a000000| PB 0x000000070a000000| Complete |  0
|  39|0x000000070a200000, 0x000000070a400000, 0x000000070a400000|100%|HC|  |TAMS 0x000000070a200000| PB 0x000000070a200000| Complete |  0
|  40|0x000000070a400000, 0x000000070a600000, 0x000000070a600000|100%|HC|  |TAMS 0x000000070a400000| PB 0x000000070a400000| Complete |  0
|  41|0x000000070a600000, 0x000000070a800000, 0x000000070a800000|100%|HC|  |TAMS 0x000000070a600000| PB 0x000000070a600000| Complete |  0
|  42|0x000000070a800000, 0x000000070aa00000, 0x000000070aa00000|100%|HC|  |TAMS 0x000000070a800000| PB 0x000000070a800000| Complete |  0
|  43|0x000000070aa00000, 0x000000070ac00000, 0x000000070ac00000|100%|HC|  |TAMS 0x000000070aa00000| PB 0x000000070aa00000| Complete |  0
|  44|0x000000070ac00000, 0x000000070ae00000, 0x000000070ae00000|100%|HS|  |TAMS 0x000000070ac00000| PB 0x000000070ac00000| Complete |  0
|  45|0x000000070ae00000, 0x000000070b000000, 0x000000070b000000|100%|HC|  |TAMS 0x000000070ae00000| PB 0x000000070ae00000| Complete |  0
|  46|0x000000070b000000, 0x000000070b200000, 0x000000070b200000|100%|HC|  |TAMS 0x000000070b000000| PB 0x000000070b000000| Complete |  0
|  47|0x000000070b200000, 0x000000070b400000, 0x000000070b400000|100%|HC|  |TAMS 0x000000070b200000| PB 0x000000070b200000| Complete |  0
|  48|0x000000070b400000, 0x000000070b600000, 0x000000070b600000|100%|HC|  |TAMS 0x000000070b400000| PB 0x000000070b400000| Complete |  0
|  49|0x000000070b600000, 0x000000070b800000, 0x000000070b800000|100%|HC|  |TAMS 0x000000070b600000| PB 0x000000070b600000| Complete |  0
|  50|0x000000070b800000, 0x000000070ba00000, 0x000000070ba00000|100%|HC|  |TAMS 0x000000070b800000| PB 0x000000070b800000| Complete |  0
|  51|0x000000070ba00000, 0x000000070bc00000, 0x000000070bc00000|100%|HC|  |TAMS 0x000000070ba00000| PB 0x000000070ba00000| Complete |  0
|  52|0x000000070bc00000, 0x000000070be00000, 0x000000070be00000|100%|HC|  |TAMS 0x000000070bc00000| PB 0x000000070bc00000| Complete |  0
|  53|0x000000070be00000, 0x000000070c000000, 0x000000070c000000|100%|HC|  |TAMS 0x000000070be00000| PB 0x000000070be00000| Complete |  0
|  54|0x000000070c000000, 0x000000070c200000, 0x000000070c200000|100%|HC|  |TAMS 0x000000070c000000| PB 0x000000070c000000| Complete |  0
|  55|0x000000070c200000, 0x000000070c400000, 0x000000070c400000|100%|HS|  |TAMS 0x000000070c200000| PB 0x000000070c200000| Complete |  0
|  56|0x000000070c400000, 0x000000070c600000, 0x000000070c600000|100%|HC|  |TAMS 0x000000070c400000| PB 0x000000070c400000| Complete |  0
|  57|0x000000070c600000, 0x000000070c800000, 0x000000070c800000|100%|HC|  |TAMS 0x000000070c600000| PB 0x000000070c600000| Complete |  0
|  58|0x000000070c800000, 0x000000070ca00000, 0x000000070ca00000|100%|HC|  |TAMS 0x000000070c800000| PB 0x000000070c800000| Complete |  0
|  59|0x000000070ca00000, 0x000000070cc00000, 0x000000070cc00000|100%|HC|  |TAMS 0x000000070ca00000| PB 0x000000070ca00000| Complete |  0
|  60|0x000000070cc00000, 0x000000070ce00000, 0x000000070ce00000|100%|HC|  |TAMS 0x000000070cc00000| PB 0x000000070cc00000| Complete |  0
|  61|0x000000070ce00000, 0x000000070d000000, 0x000000070d000000|100%|HC|  |TAMS 0x000000070ce00000| PB 0x000000070ce00000| Complete |  0
|  62|0x000000070d000000, 0x000000070d200000, 0x000000070d200000|100%|HC|  |TAMS 0x000000070d000000| PB 0x000000070d000000| Complete |  0
|  63|0x000000070d200000, 0x000000070d400000, 0x000000070d400000|100%|HC|  |TAMS 0x000000070d200000| PB 0x000000070d200000| Complete |  0
|  64|0x000000070d400000, 0x000000070d600000, 0x000000070d600000|100%|HS|  |TAMS 0x000000070d400000| PB 0x000000070d400000| Complete |  0
|  65|0x000000070d600000, 0x000000070d800000, 0x000000070d800000|100%|HC|  |TAMS 0x000000070d600000| PB 0x000000070d600000| Complete |  0
|  66|0x000000070d800000, 0x000000070da00000, 0x000000070da00000|100%|HC|  |TAMS 0x000000070d800000| PB 0x000000070d800000| Complete |  0
|  67|0x000000070da00000, 0x000000070dc00000, 0x000000070dc00000|100%|HC|  |TAMS 0x000000070da00000| PB 0x000000070da00000| Complete |  0
|  68|0x000000070dc00000, 0x000000070de00000, 0x000000070de00000|100%|HC|  |TAMS 0x000000070dc00000| PB 0x000000070dc00000| Complete |  0
|  69|0x000000070de00000, 0x000000070e000000, 0x000000070e000000|100%|HC|  |TAMS 0x000000070de00000| PB 0x000000070de00000| Complete |  0
|  70|0x000000070e000000, 0x000000070e200000, 0x000000070e200000|100%|HC|  |TAMS 0x000000070e000000| PB 0x000000070e000000| Complete |  0
|  71|0x000000070e200000, 0x000000070e400000, 0x000000070e400000|100%|HC|  |TAMS 0x000000070e200000| PB 0x000000070e200000| Complete |  0
|  72|0x000000070e400000, 0x000000070e600000, 0x000000070e600000|100%|HC|  |TAMS 0x000000070e400000| PB 0x000000070e400000| Complete |  0
|  73|0x000000070e600000, 0x000000070e800000, 0x000000070e800000|100%|HC|  |TAMS 0x000000070e600000| PB 0x000000070e600000| Complete |  0
|  74|0x000000070e800000, 0x000000070ea00000, 0x000000070ea00000|100%|HC|  |TAMS 0x000000070e800000| PB 0x000000070e800000| Complete |  0
|  75|0x000000070ea00000, 0x000000070ec00000, 0x000000070ec00000|100%|HS|  |TAMS 0x000000070ea00000| PB 0x000000070ea00000| Complete |  0
|  76|0x000000070ec00000, 0x000000070ee00000, 0x000000070ee00000|100%|HC|  |TAMS 0x000000070ec00000| PB 0x000000070ec00000| Complete |  0
|  77|0x000000070ee00000, 0x000000070f000000, 0x000000070f000000|100%|HC|  |TAMS 0x000000070ee00000| PB 0x000000070ee00000| Complete |  0
|  78|0x000000070f000000, 0x000000070f200000, 0x000000070f200000|100%|HC|  |TAMS 0x000000070f000000| PB 0x000000070f000000| Complete |  0
|  79|0x000000070f200000, 0x000000070f400000, 0x000000070f400000|100%|HC|  |TAMS 0x000000070f200000| PB 0x000000070f200000| Complete |  0
|  80|0x000000070f400000, 0x000000070f600000, 0x000000070f600000|100%|HC|  |TAMS 0x000000070f400000| PB 0x000000070f400000| Complete |  0
|  81|0x000000070f600000, 0x000000070f800000, 0x000000070f800000|100%|HC|  |TAMS 0x000000070f600000| PB 0x000000070f600000| Complete |  0
|  82|0x000000070f800000, 0x000000070fa00000, 0x000000070fa00000|100%|HC|  |TAMS 0x000000070f800000| PB 0x000000070f800000| Complete |  0
|  83|0x000000070fa00000, 0x000000070fc00000, 0x000000070fc00000|100%|HC|  |TAMS 0x000000070fa00000| PB 0x000000070fa00000| Complete |  0
|  84|0x000000070fc00000, 0x000000070fe00000, 0x000000070fe00000|100%|HC|  |TAMS 0x000000070fc00000| PB 0x000000070fc00000| Complete |  0
|  85|0x000000070fe00000, 0x0000000710000000, 0x0000000710000000|100%|HC|  |TAMS 0x000000070fe00000| PB 0x000000070fe00000| Complete |  0
|  86|0x0000000710000000, 0x0000000710000000, 0x0000000710200000|  0%| F|  |TAMS 0x0000000710000000| PB 0x0000000710000000| Untracked |  0
|  87|0x0000000710200000, 0x0000000710200000, 0x0000000710400000|  0%| F|  |TAMS 0x0000000710200000| PB 0x0000000710200000| Untracked |  0
|  88|0x0000000710400000, 0x0000000710400000, 0x0000000710600000|  0%| F|  |TAMS 0x0000000710400000| PB 0x0000000710400000| Untracked |  0
|  89|0x0000000710600000, 0x0000000710600000, 0x0000000710800000|  0%| F|  |TAMS 0x0000000710600000| PB 0x0000000710600000| Untracked |  0
|  90|0x0000000710800000, 0x0000000710800000, 0x0000000710a00000|  0%| F|  |TAMS 0x0000000710800000| PB 0x0000000710800000| Untracked |  0
|  91|0x0000000710a00000, 0x0000000710a00000, 0x0000000710c00000|  0%| F|  |TAMS 0x0000000710a00000| PB 0x0000000710a00000| Untracked |  0
|  92|0x0000000710c00000, 0x0000000710c00000, 0x0000000710e00000|  0%| F|  |TAMS 0x0000000710c00000| PB 0x0000000710c00000| Untracked |  0
|  93|0x0000000710e00000, 0x0000000711000000, 0x0000000711000000|100%| S|CS|TAMS 0x0000000710e00000| PB 0x0000000710e00000| Complete |  0
|  94|0x0000000711000000, 0x0000000711200000, 0x0000000711200000|100%|HS|  |TAMS 0x0000000711000000| PB 0x0000000711000000| Complete |  0
|  95|0x0000000711200000, 0x0000000711400000, 0x0000000711400000|100%|HC|  |TAMS 0x0000000711200000| PB 0x0000000711200000| Complete |  0
|  96|0x0000000711400000, 0x0000000711600000, 0x0000000711600000|100%|HC|  |TAMS 0x0000000711400000| PB 0x0000000711400000| Complete |  0
|  97|0x0000000711600000, 0x0000000711800000, 0x0000000711800000|100%|HC|  |TAMS 0x0000000711600000| PB 0x0000000711600000| Complete |  0
|  98|0x0000000711800000, 0x0000000711a00000, 0x0000000711a00000|100%|HC|  |TAMS 0x0000000711800000| PB 0x0000000711800000| Complete |  0
|  99|0x0000000711a00000, 0x0000000711c00000, 0x0000000711c00000|100%|HC|  |TAMS 0x0000000711a00000| PB 0x0000000711a00000| Complete |  0
| 100|0x0000000711c00000, 0x0000000711e00000, 0x0000000711e00000|100%|HC|  |TAMS 0x0000000711c00000| PB 0x0000000711c00000| Complete |  0
| 101|0x0000000711e00000, 0x0000000712000000, 0x0000000712000000|100%|HC|  |TAMS 0x0000000711e00000| PB 0x0000000711e00000| Complete |  0
| 102|0x0000000712000000, 0x0000000712200000, 0x0000000712200000|100%|HC|  |TAMS 0x0000000712000000| PB 0x0000000712000000| Complete |  0
| 103|0x0000000712200000, 0x0000000712400000, 0x0000000712400000|100%|HS|  |TAMS 0x0000000712200000| PB 0x0000000712200000| Complete |  0
| 104|0x0000000712400000, 0x0000000712600000, 0x0000000712600000|100%|HC|  |TAMS 0x0000000712400000| PB 0x0000000712400000| Complete |  0
| 105|0x0000000712600000, 0x0000000712800000, 0x0000000712800000|100%|HC|  |TAMS 0x0000000712600000| PB 0x0000000712600000| Complete |  0
| 106|0x0000000712800000, 0x0000000712a00000, 0x0000000712a00000|100%|HC|  |TAMS 0x0000000712800000| PB 0x0000000712800000| Complete |  0
| 107|0x0000000712a00000, 0x0000000712c00000, 0x0000000712c00000|100%|HC|  |TAMS 0x0000000712a00000| PB 0x0000000712a00000| Complete |  0
| 108|0x0000000712c00000, 0x0000000712e00000, 0x0000000712e00000|100%|HC|  |TAMS 0x0000000712c00000| PB 0x0000000712c00000| Complete |  0
| 109|0x0000000712e00000, 0x0000000713000000, 0x0000000713000000|100%|HC|  |TAMS 0x0000000712e00000| PB 0x0000000712e00000| Complete |  0
| 110|0x0000000713000000, 0x0000000713200000, 0x0000000713200000|100%|HC|  |TAMS 0x0000000713000000| PB 0x0000000713000000| Complete |  0
| 111|0x0000000713200000, 0x0000000713400000, 0x0000000713400000|100%|HC|  |TAMS 0x0000000713200000| PB 0x0000000713200000| Complete |  0
| 112|0x0000000713400000, 0x0000000713600000, 0x0000000713600000|100%|HC|  |TAMS 0x0000000713400000| PB 0x0000000713400000| Complete |  0
| 113|0x0000000713600000, 0x0000000713800000, 0x0000000713800000|100%|HC|  |TAMS 0x0000000713600000| PB 0x0000000713600000| Complete |  0
| 114|0x0000000713800000, 0x0000000713800000, 0x0000000713a00000|  0%| F|  |TAMS 0x0000000713800000| PB 0x0000000713800000| Untracked |  0
| 115|0x0000000713a00000, 0x0000000713a00000, 0x0000000713c00000|  0%| F|  |TAMS 0x0000000713a00000| PB 0x0000000713a00000| Untracked |  0
| 116|0x0000000713c00000, 0x0000000713c00000, 0x0000000713e00000|  0%| F|  |TAMS 0x0000000713c00000| PB 0x0000000713c00000| Untracked |  0
| 117|0x0000000713e00000, 0x0000000713e00000, 0x0000000714000000|  0%| F|  |TAMS 0x0000000713e00000| PB 0x0000000713e00000| Untracked |  0
| 118|0x0000000714000000, 0x0000000714000000, 0x0000000714200000|  0%| F|  |TAMS 0x0000000714000000| PB 0x0000000714000000| Untracked |  0
| 119|0x0000000714200000, 0x0000000714200000, 0x0000000714400000|  0%| F|  |TAMS 0x0000000714200000| PB 0x0000000714200000| Untracked |  0
| 120|0x0000000714400000, 0x0000000714400000, 0x0000000714600000|  0%| F|  |TAMS 0x0000000714400000| PB 0x0000000714400000| Untracked |  0
| 121|0x0000000714600000, 0x0000000714800000, 0x0000000714800000|100%| S|CS|TAMS 0x0000000714600000| PB 0x0000000714600000| Complete |  0
| 122|0x0000000714800000, 0x00000007148d5138, 0x0000000714a00000| 41%| S|CS|TAMS 0x0000000714800000| PB 0x0000000714800000| Complete |  0
| 125|0x0000000714e00000, 0x0000000714fccd08, 0x0000000715000000| 90%| E|  |TAMS 0x0000000714e00000| PB 0x0000000714e00000| Complete |  0
| 126|0x0000000715000000, 0x0000000715200000, 0x0000000715200000|100%| E|CS|TAMS 0x0000000715000000| PB 0x0000000715000000| Complete |  0
| 127|0x0000000715200000, 0x0000000715400000, 0x0000000715400000|100%| E|CS|TAMS 0x0000000715200000| PB 0x0000000715200000| Complete |  0
| 128|0x0000000715400000, 0x0000000715600000, 0x0000000715600000|100%| E|CS|TAMS 0x0000000715400000| PB 0x0000000715400000| Complete |  0
| 129|0x0000000715600000, 0x0000000715800000, 0x0000000715800000|100%| E|CS|TAMS 0x0000000715600000| PB 0x0000000715600000| Complete |  0
| 130|0x0000000715800000, 0x0000000715a00000, 0x0000000715a00000|100%| E|CS|TAMS 0x0000000715800000| PB 0x0000000715800000| Complete |  0
| 131|0x0000000715a00000, 0x0000000715c00000, 0x0000000715c00000|100%| E|CS|TAMS 0x0000000715a00000| PB 0x0000000715a00000| Complete |  0
| 132|0x0000000715c00000, 0x0000000715e00000, 0x0000000715e00000|100%| E|CS|TAMS 0x0000000715c00000| PB 0x0000000715c00000| Complete |  0
| 133|0x0000000715e00000, 0x0000000716000000, 0x0000000716000000|100%| E|CS|TAMS 0x0000000715e00000| PB 0x0000000715e00000| Complete |  0
| 134|0x0000000716000000, 0x0000000716200000, 0x0000000716200000|100%| E|CS|TAMS 0x0000000716000000| PB 0x0000000716000000| Complete |  0
| 135|0x0000000716200000, 0x0000000716400000, 0x0000000716400000|100%| E|CS|TAMS 0x0000000716200000| PB 0x0000000716200000| Complete |  0
| 136|0x0000000716400000, 0x0000000716600000, 0x0000000716600000|100%| E|CS|TAMS 0x0000000716400000| PB 0x0000000716400000| Complete |  0
| 137|0x0000000716600000, 0x0000000716800000, 0x0000000716800000|100%|HS|  |TAMS 0x0000000716600000| PB 0x0000000716600000| Complete |  0
| 138|0x0000000716800000, 0x0000000716a00000, 0x0000000716a00000|100%|HC|  |TAMS 0x0000000716800000| PB 0x0000000716800000| Complete |  0
| 139|0x0000000716a00000, 0x0000000716c00000, 0x0000000716c00000|100%|HC|  |TAMS 0x0000000716a00000| PB 0x0000000716a00000| Complete |  0
| 140|0x0000000716c00000, 0x0000000716e00000, 0x0000000716e00000|100%|HC|  |TAMS 0x0000000716c00000| PB 0x0000000716c00000| Complete |  0
| 141|0x0000000716e00000, 0x0000000717000000, 0x0000000717000000|100%|HC|  |TAMS 0x0000000716e00000| PB 0x0000000716e00000| Complete |  0
| 142|0x0000000717000000, 0x0000000717200000, 0x0000000717200000|100%|HC|  |TAMS 0x0000000717000000| PB 0x0000000717000000| Complete |  0
| 143|0x0000000717200000, 0x0000000717400000, 0x0000000717400000|100%|HC|  |TAMS 0x0000000717200000| PB 0x0000000717200000| Complete |  0
| 144|0x0000000717400000, 0x0000000717600000, 0x0000000717600000|100%|HC|  |TAMS 0x0000000717400000| PB 0x0000000717400000| Complete |  0
| 145|0x0000000717600000, 0x0000000717800000, 0x0000000717800000|100%|HC|  |TAMS 0x0000000717600000| PB 0x0000000717600000| Complete |  0
| 146|0x0000000717800000, 0x0000000717a00000, 0x0000000717a00000|100%|HC|  |TAMS 0x0000000717800000| PB 0x0000000717800000| Complete |  0
| 147|0x0000000717a00000, 0x0000000717c00000, 0x0000000717c00000|100%|HC|  |TAMS 0x0000000717a00000| PB 0x0000000717a00000| Complete |  0
|2005|0x00000007ffe00000, 0x0000000800000000, 0x0000000800000000|100%| E|CS|TAMS 0x00000007ffe00000| PB 0x00000007ffe00000| Complete |  0

Card table byte_map: [0x000001e2ea4b0000,0x000001e2eac90000] _byte_map_base: 0x000001e2e6c86000

Marking Bits: (CMBitMap*) 0x000001e2d24a17a0
 Bits: [0x000001e2eac90000, 0x000001e2eeb40000)

Polling page: 0x000001e2d0270000

Metaspace:

Usage:
  Non-class:     34.73 MB used.
      Class:      3.62 MB used.
       Both:     38.35 MB used.

Virtual space:
  Non-class space:       64.00 MB reserved,      34.94 MB ( 55%) committed,  1 nodes.
      Class space:        1.00 GB reserved,       3.75 MB ( <1%) committed,  1 nodes.
             Both:        1.06 GB reserved,      38.69 MB (  4%) committed. 

Chunk freelists:
   Non-Class:  12.83 MB
       Class:  12.25 MB
        Both:  25.08 MB

MaxMetaspaceSize: unlimited
CompressedClassSpaceSize: 1.00 GB
Initial GC threshold: 21.00 MB
Current GC threshold: 59.62 MB
CDS: on
 - commit_granule_bytes: 65536.
 - commit_granule_words: 8192.
 - virtual_space_node_default_size: 8388608.
 - enlarge_chunks_in_place: 1.
UseCompressedClassPointers 1, UseCompactObjectHeaders 0
Narrow klass pointer bits 32, Max shift 3
Narrow klass base: 0x000001e280000000, Narrow klass shift: 0
Encoding Range: [0x000001e280000000 - 0x000001e380000000), (4294967296 bytes)
Klass Range:    [0x000001e280000000 - 0x000001e2c1000000), (1090519040 bytes)
Klass ID Range:  [8 - 1090519033) (1090519025)


Internal statistics:

num_allocs_failed_limit: 9.
num_arena_births: 512.
num_arena_deaths: 2.
num_vsnodes_births: 2.
num_vsnodes_deaths: 0.
num_space_committed: 619.
num_space_uncommitted: 0.
num_chunks_returned_to_freelist: 11.
num_chunks_taken_from_freelist: 1444.
num_chunk_merges: 6.
num_chunk_splits: 958.
num_chunks_enlarged: 691.
num_inconsistent_stats: 0.

CodeHeap 'non-profiled nmethods': size=120064Kb used=2868Kb max_used=2868Kb free=117195Kb
 bounds [0x000001e2e2790000, 0x000001e2e2a60000, 0x000001e2e9cd0000]
CodeHeap 'profiled nmethods': size=120000Kb used=9167Kb max_used=9431Kb free=110832Kb
 bounds [0x000001e2dacd0000, 0x000001e2db620000, 0x000001e2e2200000]
CodeHeap 'non-nmethods': size=5696Kb used=1527Kb max_used=1676Kb free=4168Kb
 bounds [0x000001e2e2200000, 0x000001e2e2470000, 0x000001e2e2790000]
CodeCache: size=245760Kb, used=13562Kb, max_used=13975Kb, free=232195Kb
 total_blobs=5760, nmethods=5072, adapters=593, full_count=0
Compilation: enabled, stopped_count=0, restarted_count=0

Compilation events (20 events):
Event: 214.124 Thread 0x000001e2f114d840 5640       1       jdk.jfr.internal.PlatformEventType::isEnabled (5 bytes)
Event: 214.124 Thread 0x000001e2f114d840 nmethod 5640 0x000001e2e2a54d88 code [0x000001e2e2a54e80, 0x000001e2e2a54f48]
Event: 214.124 Thread 0x000001e2f114d840 5638       1       jdk.jfr.internal.EventControl::getSettingsId (5 bytes)
Event: 214.124 Thread 0x000001e2f114d840 nmethod 5638 0x000001e2e2a55088 code [0x000001e2e2a55180, 0x000001e2e2a55248]
Event: 214.124 Thread 0x000001e2f114d840 5639       1       jdk.jfr.internal.EventControl::getNamedControls (5 bytes)
Event: 214.125 Thread 0x000001e2f114d840 nmethod 5639 0x000001e2e2a55388 code [0x000001e2e2a55480, 0x000001e2e2a55548]
Event: 214.130 Thread 0x000001e2f113bf70 nmethod 5641 0x000001e2e2a55688 code [0x000001e2e2a557a0, 0x000001e2e2a55a30]
Event: 214.130 Thread 0x000001e2f113bf70 5620       4       jdk.jfr.internal.MetadataWriter::writeInt (148 bytes)
Event: 214.139 Thread 0x000001e2c52e55a0 nmethod 5621 0x000001e2e2a55a88 code [0x000001e2e2a55dc0, 0x000001e2e2a59cb8]
Event: 214.139 Thread 0x000001e2c52e55a0 5614       4       java.util.LinkedHashMap::newNode (23 bytes)
Event: 214.141 Thread 0x000001e2f113bf70 nmethod 5620 0x000001e2e2a59d88 code [0x000001e2e2a59f80, 0x000001e2e2a5b820]
Event: 214.141 Thread 0x000001e2f113bf70 5615       4       java.util.LinkedHashMap$Entry::<init> (10 bytes)
Event: 214.141 Thread 0x000001e2c52e55a0 nmethod 5614 0x000001e2e2a5b888 code [0x000001e2e2a5b9a0, 0x000001e2e2a5bf98]
Event: 214.141 Thread 0x000001e2c52e55a0 5618       4       java.util.LinkedHashMap::afterNodeInsertion (40 bytes)
Event: 214.141 Thread 0x000001e2f113bf70 nmethod 5615 0x000001e2e2a5c008 code [0x000001e2e2a5c100, 0x000001e2e2a5c530]
Event: 214.142 Thread 0x000001e2c52e55a0 nmethod 5618 0x000001e2e2a5c588 code [0x000001e2e2a5c680, 0x000001e2e2a5c710]
Event: 214.146 Thread 0x000001e2f114d840 5643       1       jdk.jfr.internal.periodic.EventTask::getEventType (5 bytes)
Event: 214.147 Thread 0x000001e2f114d840 nmethod 5643 0x000001e2e2a5c888 code [0x000001e2e2a5c980, 0x000001e2e2a5ca48]
Event: 214.147 Thread 0x000001e2f114d840 5644       1       jdk.jfr.internal.periodic.PeriodicTask::getPeriod (5 bytes)
Event: 214.147 Thread 0x000001e2f114d840 nmethod 5644 0x000001e2e2a5cb88 code [0x000001e2e2a5cc80, 0x000001e2e2a5cd48]

GC Heap History (14 events):
Event: 1.339 GC heap before
{Heap before GC invocations=0 (full 0):
 garbage-first heap   total reserved 4108288K, committed 260096K, used 29808K [0x0000000705400000, 0x0000000800000000)
  region size 2048K, 14 young (28672K), 0 survivors (0K)
 Metaspace       used 9383K, committed 9600K, reserved 1114112K
  class space    used 810K, committed 896K, reserved 1048576K
}
Event: 1.347 GC heap after
{Heap after GC invocations=1 (full 0):
 garbage-first heap   total reserved 4108288K, committed 260096K, used 9304K [0x0000000705400000, 0x0000000800000000)
  region size 2048K, 2 young (4096K), 2 survivors (4096K)
 Metaspace       used 9383K, committed 9600K, reserved 1114112K
  class space    used 810K, committed 896K, reserved 1048576K
}
Event: 4.161 GC heap before
{Heap before GC invocations=1 (full 0):
 garbage-first heap   total reserved 4108288K, committed 260096K, used 111704K [0x0000000705400000, 0x0000000800000000)
  region size 2048K, 52 young (106496K), 2 survivors (4096K)
 Metaspace       used 18653K, committed 19008K, reserved 1114112K
  class space    used 1624K, committed 1792K, reserved 1048576K
}
Event: 4.184 GC heap after
{Heap after GC invocations=2 (full 0):
 garbage-first heap   total reserved 4108288K, committed 260096K, used 23774K [0x0000000705400000, 0x0000000800000000)
  region size 2048K, 7 young (14336K), 7 survivors (14336K)
 Metaspace       used 18653K, committed 19008K, reserved 1114112K
  class space    used 1624K, committed 1792K, reserved 1048576K
}
Event: 4.963 GC heap before
{Heap before GC invocations=2 (full 0):
 garbage-first heap   total reserved 4108288K, committed 260096K, used 77022K [0x0000000705400000, 0x0000000800000000)
  region size 2048K, 34 young (69632K), 7 survivors (14336K)
 Metaspace       used 21267K, committed 21504K, reserved 1114112K
  class space    used 1795K, committed 1920K, reserved 1048576K
}
Event: 4.992 GC heap after
{Heap after GC invocations=3 (full 0):
 garbage-first heap   total reserved 4108288K, committed 260096K, used 33108K [0x0000000705400000, 0x0000000800000000)
  region size 2048K, 5 young (10240K), 5 survivors (10240K)
 Metaspace       used 21267K, committed 21504K, reserved 1114112K
  class space    used 1795K, committed 1920K, reserved 1048576K
}
Event: 5.944 GC heap before
{Heap before GC invocations=4 (full 0):
 garbage-first heap   total reserved 4108288K, committed 122880K, used 96596K [0x0000000705400000, 0x0000000800000000)
  region size 2048K, 36 young (73728K), 5 survivors (10240K)
 Metaspace       used 24452K, committed 24768K, reserved 1114112K
  class space    used 2088K, committed 2176K, reserved 1048576K
}
Event: 5.967 GC heap after
{Heap after GC invocations=5 (full 0):
 garbage-first heap   total reserved 4108288K, committed 122880K, used 40376K [0x0000000705400000, 0x0000000800000000)
  region size 2048K, 3 young (6144K), 3 survivors (6144K)
 Metaspace       used 24452K, committed 24768K, reserved 1114112K
  class space    used 2088K, committed 2176K, reserved 1048576K
}
Event: 7.928 GC heap before
{Heap before GC invocations=5 (full 0):
 garbage-first heap   total reserved 4108288K, committed 122880K, used 89528K [0x0000000705400000, 0x0000000800000000)
  region size 2048K, 27 young (55296K), 3 survivors (6144K)
 Metaspace       used 33887K, committed 34304K, reserved 1114112K
  class space    used 3041K, committed 3200K, reserved 1048576K
}
Event: 7.955 GC heap after
{Heap after GC invocations=6 (full 0):
 garbage-first heap   total reserved 4108288K, committed 122880K, used 45450K [0x0000000705400000, 0x0000000800000000)
  region size 2048K, 3 young (6144K), 3 survivors (6144K)
 Metaspace       used 33887K, committed 34304K, reserved 1114112K
  class space    used 3041K, committed 3200K, reserved 1048576K
}
Event: 9.215 GC heap before
{Heap before GC invocations=6 (full 0):
 garbage-first heap   total reserved 4108288K, committed 122880K, used 67978K [0x0000000705400000, 0x0000000800000000)
  region size 2048K, 15 young (30720K), 3 survivors (6144K)
 Metaspace       used 35785K, committed 36160K, reserved 1114112K
  class space    used 3283K, committed 3456K, reserved 1048576K
}
Event: 9.228 GC heap after
{Heap after GC invocations=7 (full 0):
 garbage-first heap   total reserved 4108288K, committed 122880K, used 47381K [0x0000000705400000, 0x0000000800000000)
  region size 2048K, 1 young (2048K), 1 survivors (2048K)
 Metaspace       used 35785K, committed 36160K, reserved 1114112K
  class space    used 3283K, committed 3456K, reserved 1048576K
}
Event: 213.563 GC heap before
{Heap before GC invocations=8 (full 0):
 garbage-first heap   total reserved 4108288K, committed 272384K, used 270613K [0x0000000705400000, 0x0000000800000000)
  region size 2048K, 17 young (34816K), 1 survivors (2048K)
 Metaspace       used 37583K, committed 38016K, reserved 1114112K
  class space    used 3498K, committed 3648K, reserved 1048576K
}
Event: 213.581 GC heap after
{Heap after GC invocations=9 (full 0):
 garbage-first heap   total reserved 4108288K, committed 278528K, used 50327K [0x0000000705400000, 0x0000000800000000)
  region size 2048K, 3 young (6144K), 3 survivors (6144K)
 Metaspace       used 37583K, committed 38016K, reserved 1114112K
  class space    used 3498K, committed 3648K, reserved 1048576K
}

Dll operation events (14 events):
Event: 0.070 Loaded shared library C:\Users\compu\.jdks\openjdk-24.0.1\bin\java.dll
Event: 0.074 Loaded shared library C:\Users\compu\.jdks\openjdk-24.0.1\bin\zip.dll
Event: 0.126 Loaded shared library C:\Users\compu\.jdks\openjdk-24.0.1\bin\jsvml.dll
Event: 0.393 Loaded shared library C:\Users\compu\.jdks\openjdk-24.0.1\bin\instrument.dll
Event: 0.402 Loaded shared library C:\Users\compu\.jdks\openjdk-24.0.1\bin\net.dll
Event: 0.409 Loaded shared library C:\Users\compu\.jdks\openjdk-24.0.1\bin\nio.dll
Event: 0.426 Loaded shared library C:\Users\compu\.jdks\openjdk-24.0.1\bin\zip.dll
Event: 0.450 Loaded shared library C:\Users\compu\.jdks\openjdk-24.0.1\bin\jimage.dll
Event: 0.667 Loaded shared library C:\Users\compu\.jdks\openjdk-24.0.1\bin\management.dll
Event: 0.682 Loaded shared library C:\Users\compu\.jdks\openjdk-24.0.1\bin\management_ext.dll
Event: 0.702 Loaded shared library C:\Users\compu\.jdks\openjdk-24.0.1\bin\verify.dll
Event: 1.119 Loaded shared library C:\Users\compu\.jdks\openjdk-24.0.1\bin\extnet.dll
Event: 6.725 Loaded shared library C:\Users\compu\.jdks\openjdk-24.0.1\bin\sunmscapi.dll
Event: 213.562 Loaded shared library C:\Temp\idea_libasyncProfiler_dll_temp_folder1\libasyncProfiler.dll

Deoptimization events (20 events):
Event: 214.014 Thread 0x000001e2f1137210 Uncommon trap: trap_request=0xffffffd6 fr.pc=0x000001e2e2844ff8 relative=0x0000000000000778
Event: 214.014 Thread 0x000001e2f1137210 Uncommon trap: reason=array_check action=maybe_recompile pc=0x000001e2e2844ff8 method=jdk.internal.classfile.impl.AttributeHolder.withAttribute(Ljava/lang/classfile/Attribute;)V @ 115 c2
Event: 214.014 Thread 0x000001e2f1137210 DEOPT PACKING pc=0x000001e2e2844ff8 sp=0x000000d652bfd3d0
Event: 214.015 Thread 0x000001e2f1137210 DEOPT UNPACKING pc=0x000001e2e2315c02 sp=0x000000d652bfd390 mode 2
Event: 214.015 Thread 0x000001e2f1137210 Uncommon trap: trap_request=0xffffffd6 fr.pc=0x000001e2e2844ff8 relative=0x0000000000000778
Event: 214.015 Thread 0x000001e2f1137210 Uncommon trap: reason=array_check action=maybe_recompile pc=0x000001e2e2844ff8 method=jdk.internal.classfile.impl.AttributeHolder.withAttribute(Ljava/lang/classfile/Attribute;)V @ 115 c2
Event: 214.015 Thread 0x000001e2f1137210 DEOPT PACKING pc=0x000001e2e2844ff8 sp=0x000000d652bfd160
Event: 214.015 Thread 0x000001e2f1137210 DEOPT UNPACKING pc=0x000001e2e2315c02 sp=0x000000d652bfd120 mode 2
Event: 214.015 Thread 0x000001e2f1137210 Uncommon trap: trap_request=0xffffff6e fr.pc=0x000001e2e2845120 relative=0x00000000000008a0
Event: 214.015 Thread 0x000001e2f1137210 Uncommon trap: reason=loop_limit_check action=maybe_recompile pc=0x000001e2e2845120 method=jdk.internal.classfile.impl.AttributeHolder.withAttribute(Ljava/lang/classfile/Attribute;)V @ 39 c2
Event: 214.015 Thread 0x000001e2f1137210 DEOPT PACKING pc=0x000001e2e2845120 sp=0x000000d652bfd400
Event: 214.015 Thread 0x000001e2f1137210 DEOPT UNPACKING pc=0x000001e2e2315c02 sp=0x000000d652bfd3d0 mode 2
Event: 214.017 Thread 0x000001e2f1137210 Uncommon trap: trap_request=0xffffff4d fr.pc=0x000001e2e296f1e0 relative=0x00000000000002a0
Event: 214.018 Thread 0x000001e2f1137210 Uncommon trap: reason=unstable_if action=reinterpret pc=0x000001e2e296f1e0 method=java.util.concurrent.ConcurrentHashMap.get(Ljava/lang/Object;)Ljava/lang/Object; @ 152 c2
Event: 214.018 Thread 0x000001e2f1137210 DEOPT PACKING pc=0x000001e2e296f1e0 sp=0x000000d652bfdeb0
Event: 214.018 Thread 0x000001e2f1137210 DEOPT UNPACKING pc=0x000001e2e2315c02 sp=0x000000d652bfde18 mode 2
Event: 214.160 Thread 0x000001e2d0173070 Uncommon trap: trap_request=0xffffff4d fr.pc=0x000001e2e29a27e8 relative=0x0000000000001e28
Event: 214.160 Thread 0x000001e2d0173070 Uncommon trap: reason=unstable_if action=reinterpret pc=0x000001e2e29a27e8 method=java.io.RandomAccessFile.readBytes([BII)I @ 3 c2
Event: 214.160 Thread 0x000001e2d0173070 DEOPT PACKING pc=0x000001e2e29a27e8 sp=0x000000d6520fcce0
Event: 214.160 Thread 0x000001e2d0173070 DEOPT UNPACKING pc=0x000001e2e2315c02 sp=0x000000d6520fc970 mode 2

Classes loaded (20 events):
Event: 214.121 Loading class jdk/jfr/internal/util/Rate
Event: 214.121 Loading class jdk/jfr/internal/util/Rate done
Event: 214.121 Loading class jdk/jfr/internal/util/TimespanUnit
Event: 214.121 Loading class jdk/jfr/internal/util/TimespanUnit done
Event: 214.121 Loading class jdk/jfr/internal/util/ValueParser
Event: 214.121 Loading class jdk/jfr/internal/util/ValueParser done
Event: 214.123 Loading class jdk/jfr/internal/periodic/PeriodicType
Event: 214.123 Loading class jdk/jfr/internal/periodic/PeriodicType done
Event: 214.160 Loading class org/openqa/selenium/remote/DriverCommand
Event: 214.160 Loading class org/openqa/selenium/remote/DriverCommand done
Event: 214.165 Loading class org/openqa/selenium/remote/CommandPayload
Event: 214.165 Loading class org/openqa/selenium/remote/CommandPayload done
Event: 214.166 Loading class org/openqa/selenium/remote/Command
Event: 214.167 Loading class org/openqa/selenium/remote/Command done
Event: 214.168 Loading class org/openqa/selenium/remote/RemoteWebDriver$When
Event: 214.168 Loading class org/openqa/selenium/remote/RemoteWebDriver$When done
Event: 214.169 Loading class org/openqa/selenium/os/ExternalProcess$Builder
Event: 214.169 Loading class org/openqa/selenium/os/ExternalProcess$Builder done
Event: 214.169 Loading class org/openqa/selenium/os/ExternalProcess$Builder
Event: 214.169 Loading class org/openqa/selenium/os/ExternalProcess$Builder done

Classes unloaded (1 events):
Event: 9.323 Thread 0x000001e2f111e3e0 Unloading class 0x000001e28100a800 'org/aspectj/mirror/AccessibleObject'

Classes redefined (1 events):
Event: 1.736 Thread 0x000001e2f111e3e0 redefined class name=java.lang.Throwable, count=1

Internal exceptions (20 events):
Event: 9.371 Thread 0x000001e2d0173070 Exception <a 'java/lang/IncompatibleClassChangeError'{0x00000007117a8898}: Found class java.lang.Object, but interface was expected> (0x00000007117a8898) 
thrown [s\open\src\hotspot\share\interpreter\linkResolver.cpp, line 872]
Event: 9.371 Thread 0x000001e2d0173070 Exception <a 'java/lang/IncompatibleClassChangeError'{0x00000007117b0630}: Found class java.lang.Object, but interface was expected> (0x00000007117b0630) 
thrown [s\open\src\hotspot\share\interpreter\linkResolver.cpp, line 872]
Event: 9.385 Thread 0x000001e2d0173070 Exception <a 'java/lang/IncompatibleClassChangeError'{0x00000007117b94e0}: Found class java.lang.Object, but interface was expected> (0x00000007117b94e0) 
thrown [s\open\src\hotspot\share\interpreter\linkResolver.cpp, line 872]
Event: 10.252 Thread 0x000001e2d0173070 Exception <a 'java/lang/NoSuchMethodError'{0x000000070b7be768}: 'void java.lang.invoke.DirectMethodHandle$Holder.invokeStatic(java.lang.Object, long)'> (0x000000070b7be768) 
thrown [s\open\src\hotspot\share\interpreter\linkResolver.cpp, line 805]
Event: 10.253 Thread 0x000001e2d0173070 Exception <a 'java/lang/NoSuchMethodError'{0x000000070b7cd240}: 'java.lang.Object java.lang.invoke.DirectMethodHandle$Holder.newInvokeSpecial(java.lang.Object, long)'> (0x000000070b7cd240) 
thrown [s\open\src\hotspot\share\interpreter\linkResolver.cpp, line 805]
Event: 10.254 Thread 0x000001e2d0173070 Exception <a 'java/lang/NoSuchMethodError'{0x000000070b7dc400}: 'java.lang.Object java.lang.invoke.DirectMethodHandle$Holder.invokeStatic(java.lang.Object, long, java.lang.Object)'> (0x000000070b7dc400) 
thrown [s\open\src\hotspot\share\interpreter\linkResolver.cpp, line 805]
Event: 10.255 Thread 0x000001e2d0173070 Exception <a 'java/lang/NoSuchMethodError'{0x000000070b7e4518}: 'java.lang.Object java.lang.invoke.DirectMethodHandle$Holder.invokeStaticInit(java.lang.Object, long, java.lang.Object)'> (0x000000070b7e4518) 
thrown [s\open\src\hotspot\share\interpreter\linkResolver.cpp, line 805]
Event: 38.769 Thread 0x000001e2c6e934e0 Exception <a 'java/lang/NoSuchMethodError'{0x000000070b5f3438}: 'java.lang.Object java.lang.invoke.Invokers$Holder.linkToTargetMethod(java.lang.Object, long, java.lang.Object, java.lang.Object)'> (0x000000070b5f3438) 
thrown [s\open\src\hotspot\share\interpreter\linkResolver.cpp, line 805]
Event: 212.018 Thread 0x000001e2d0173070 Exception <a 'java/lang/NoSuchMethodError'{0x000000070b4c9d50}: 'java.lang.Object java.lang.invoke.DirectMethodHandle$Holder.invokeSpecialIFC(java.lang.Object, java.lang.Object, java.lang.Object, java.lang.Object)'> (0x000000070b4c9d50) 
thrown [s\open\src\hotspot\share\interpreter\linkResolver.cpp, line 805]
Event: 212.022 Thread 0x000001e2d0173070 Exception <a 'java/lang/NoSuchMethodError'{0x000000070aca9ac0}: 'double java.lang.invoke.DirectMethodHandle$Holder.invokeVirtual(java.lang.Object, java.lang.Object)'> (0x000000070aca9ac0) 
thrown [s\open\src\hotspot\share\interpreter\linkResolver.cpp, line 805]
Event: 212.023 Thread 0x000001e2d0173070 Exception <a 'java/lang/NoSuchMethodError'{0x000000070acb9440}: 'float java.lang.invoke.DirectMethodHandle$Holder.invokeVirtual(java.lang.Object, java.lang.Object)'> (0x000000070acb9440) 
thrown [s\open\src\hotspot\share\interpreter\linkResolver.cpp, line 805]
Event: 213.842 Thread 0x000001e2f1137210 Exception <a 'java/lang/NoSuchMethodError'{0x0000000715e8a880}: 'void java.lang.invoke.DirectMethodHandle$Holder.invokeStaticInit(java.lang.Object)'> (0x0000000715e8a880) 
thrown [s\open\src\hotspot\share\interpreter\linkResolver.cpp, line 805]
Event: 213.973 Thread 0x000001e2d0173070 Exception <a 'java/lang/IncompatibleClassChangeError'{0x0000000715d37838}: Found class java.lang.Object, but interface was expected> (0x0000000715d37838) 
thrown [s\open\src\hotspot\share\interpreter\linkResolver.cpp, line 872]
Event: 213.974 Thread 0x000001e2d0173070 Exception <a 'java/lang/NoSuchMethodError'{0x0000000715d491f8}: 'int java.lang.invoke.DirectMethodHandle$Holder.invokeSpecialIFC(java.lang.Object, java.lang.Object, java.lang.Object, java.lang.Object)'> (0x0000000715d491f8) 
thrown [s\open\src\hotspot\share\interpreter\linkResolver.cpp, line 805]
Event: 214.050 Thread 0x000001e2f1137210 Exception <a 'java/lang/NoSuchMethodError'{0x00000007157bcdc8}: 'void java.lang.invoke.DirectMethodHandle$Holder.invokeSpecial(java.lang.Object, java.lang.Object, int)'> (0x00000007157bcdc8) 
thrown [s\open\src\hotspot\share\interpreter\linkResolver.cpp, line 805]
Event: 214.051 Thread 0x000001e2f1137210 Exception <a 'java/lang/NoSuchMethodError'{0x00000007157c49f8}: 'void java.lang.invoke.Invokers$Holder.invokeExact_MT(java.lang.Object, int, java.lang.Object)'> (0x00000007157c49f8) 
thrown [s\open\src\hotspot\share\interpreter\linkResolver.cpp, line 805]
Event: 214.059 Thread 0x000001e2f1137210 Exception <a 'sun/nio/fs/WindowsException'{0x0000000715433378}> (0x0000000715433378) 
thrown [s\open\src\hotspot\share\prims\jni.cpp, line 518]
Event: 214.061 Thread 0x000001e2f1137210 Exception <a 'sun/nio/fs/WindowsException'{0x0000000715442418}> (0x0000000715442418) 
thrown [s\open\src\hotspot\share\prims\jni.cpp, line 518]
Event: 214.066 Thread 0x000001e2f1137210 Exception <a 'sun/nio/fs/WindowsException'{0x0000000715454420}> (0x0000000715454420) 
thrown [s\open\src\hotspot\share\prims\jni.cpp, line 518]
Event: 214.169 Thread 0x000001e2d0173070 Exception <a 'java/lang/NoSuchMethodError'{0x00000007150ff688}: 'java.lang.Object java.lang.invoke.DirectMethodHandle$Holder.invokeVirtual(java.lang.Object, java.lang.Object, java.lang.Object, java.lang.Object)'> (0x00000007150ff688) 
thrown [s\open\src\hotspot\share\interpreter\linkResolver.cpp, line 805]

VM Operations (20 events):
Event: 8.248 Executing VM operation: HandshakeAllThreads (Deoptimize)
Event: 8.248 Executing VM operation: HandshakeAllThreads (Deoptimize) done
Event: 8.797 Executing VM operation: HandshakeAllThreads (Deoptimize)
Event: 8.797 Executing VM operation: HandshakeAllThreads (Deoptimize) done
Event: 9.215 Executing VM operation: CollectForMetadataAllocation (Metadata GC Threshold)
Event: 9.229 Executing VM operation: CollectForMetadataAllocation (Metadata GC Threshold) done
Event: 9.301 Executing VM operation: CollectForMetadataAllocation (Metadata GC Threshold)
Event: 9.301 Executing VM operation: CollectForMetadataAllocation (Metadata GC Threshold) done
Event: 9.323 Executing VM operation: G1PauseRemark
Event: 9.333 Executing VM operation: G1PauseRemark done
Event: 9.368 Executing VM operation: G1PauseCleanup
Event: 9.368 Executing VM operation: G1PauseCleanup done
Event: 60.297 Executing VM operation: HandshakeAllThreads (HandshakeForDeflation)
Event: 60.297 Executing VM operation: HandshakeAllThreads (HandshakeForDeflation) done
Event: 60.297 Executing VM operation: RendezvousGCThreads
Event: 60.297 Executing VM operation: RendezvousGCThreads done
Event: 212.110 Executing VM operation: G1CollectForAllocation (G1 Evacuation Pause)
Event: 213.581 Executing VM operation: G1CollectForAllocation (G1 Evacuation Pause) done
Event: 214.103 Executing VM operation: JFRSafepointClear
Event: 214.103 Executing VM operation: JFRSafepointClear done

Memory protections (0 events):
No events

Nmethod flushes (20 events):
Event: 9.332 Thread 0x000001e2f111e3e0 flushing  nmethod 0x000001e2db0da688
Event: 9.332 Thread 0x000001e2f111e3e0 flushing  nmethod 0x000001e2db0e6188
Event: 9.332 Thread 0x000001e2f111e3e0 flushing  nmethod 0x000001e2db110788
Event: 9.332 Thread 0x000001e2f111e3e0 flushing  nmethod 0x000001e2db118108
Event: 9.332 Thread 0x000001e2f111e3e0 flushing  nmethod 0x000001e2db11a988
Event: 9.332 Thread 0x000001e2f111e3e0 flushing  nmethod 0x000001e2db129488
Event: 9.332 Thread 0x000001e2f111e3e0 flushing  nmethod 0x000001e2db12b388
Event: 9.332 Thread 0x000001e2f111e3e0 flushing  nmethod 0x000001e2db165d08
Event: 9.332 Thread 0x000001e2f111e3e0 flushing  nmethod 0x000001e2db188a88
Event: 9.332 Thread 0x000001e2f111e3e0 flushing  nmethod 0x000001e2db1e2888
Event: 9.332 Thread 0x000001e2f111e3e0 flushing  nmethod 0x000001e2db1e6488
Event: 9.332 Thread 0x000001e2f111e3e0 flushing  nmethod 0x000001e2db1f0108
Event: 9.332 Thread 0x000001e2f111e3e0 flushing  nmethod 0x000001e2db1f0e88
Event: 9.332 Thread 0x000001e2f111e3e0 flushing  nmethod 0x000001e2db1f2008
Event: 9.332 Thread 0x000001e2f111e3e0 flushing  nmethod 0x000001e2db239a08
Event: 9.332 Thread 0x000001e2f111e3e0 flushing  nmethod 0x000001e2db24b508
Event: 9.332 Thread 0x000001e2f111e3e0 flushing  nmethod 0x000001e2db285208
Event: 9.332 Thread 0x000001e2f111e3e0 flushing  nmethod 0x000001e2db287b88
Event: 9.332 Thread 0x000001e2f111e3e0 flushing  nmethod 0x000001e2db288088
Event: 9.332 Thread 0x000001e2f111e3e0 flushing  nmethod 0x000001e2db34c008

Events (20 events):
Event: 1.188 Thread 0x000001e2c6126000 Thread added: 0x000001e2c5ae9160
Event: 1.681 Thread 0x000001e2d0173070 Thread added: 0x000001e2c6448830
Event: 1.748 Thread 0x000001e2d0173070 Thread added: 0x000001e2c6686e40
Event: 6.769 Thread 0x000001e2d0173070 Thread added: 0x000001e2c67e3e60
Event: 6.830 Thread 0x000001e2c52e55a0 Thread exited: 0x000001e2c52e55a0
Event: 6.940 Thread 0x000001e2c67e3e60 Thread added: 0x000001e2c6e934e0
Event: 6.962 Thread 0x000001e2c67e3e60 Thread added: 0x000001e2c6e95220
Event: 6.991 Thread 0x000001e2f114d840 Thread added: 0x000001e2c77ec740
Event: 7.692 Thread 0x000001e2c77ec740 Thread exited: 0x000001e2c77ec740
Event: 7.713 Thread 0x000001e2f114d840 Thread added: 0x000001e2c77ec740
Event: 10.256 Thread 0x000001e2d0173070 Thread added: 0x000001e2c7d98990
Event: 10.941 Thread 0x000001e2c77ec740 Thread exited: 0x000001e2c77ec740
Event: 66.965 Thread 0x000001e2c6e95220 Thread exited: 0x000001e2c6e95220
Event: 102.636 Thread 0x000001e2c6e934e0 Thread exited: 0x000001e2c6e934e0
Event: 211.995 Thread 0x000001e2c7d98990 Thread exited: 0x000001e2c7d98990
Event: 213.735 Thread 0x000001e2d0173070 Thread added: 0x000001e2c7d98990
Event: 213.776 Thread 0x000001e2d0173070 Thread added: 0x000001e2c7d9da00
Event: 213.787 Thread 0x000001e2f114d840 Thread added: 0x000001e2c52e55a0
Event: 213.810 Thread 0x000001e2f1137210 Thread added: 0x000001e2c7d990e0
Event: 214.054 Thread 0x000001e2f1137210 Thread added: 0x000001e2c7d9ae20


Dynamic libraries:
0x00007ff6f7e70000 - 0x00007ff6f7e7e000 	C:\Users\compu\.jdks\openjdk-24.0.1\bin\java.exe
0x00007ffdfe1d0000 - 0x00007ffdfe3c8000 	C:\WINDOWS\SYSTEM32\ntdll.dll
0x00007ffdfdb00000 - 0x00007ffdfdbc2000 	C:\WINDOWS\System32\KERNEL32.DLL
0x00007ffdfbef0000 - 0x00007ffdfc1e6000 	C:\WINDOWS\System32\KERNELBASE.dll
0x00007ffdfbd50000 - 0x00007ffdfbe50000 	C:\WINDOWS\System32\ucrtbase.dll
0x00007ffdf0af0000 - 0x00007ffdf0b06000 	C:\Users\compu\.jdks\openjdk-24.0.1\bin\jli.dll
0x00007ffdf0ad0000 - 0x00007ffdf0aeb000 	C:\Users\compu\.jdks\openjdk-24.0.1\bin\VCRUNTIME140.dll
0x00007ffdfccb0000 - 0x00007ffdfce4d000 	C:\WINDOWS\System32\USER32.dll
0x00007ffdfb9f0000 - 0x00007ffdfba12000 	C:\WINDOWS\System32\win32u.dll
0x00007ffdf1f10000 - 0x00007ffdf21aa000 	C:\WINDOWS\WinSxS\amd64_microsoft.windows.common-controls_6595b64144ccf1df_6.0.19041.5915_none_60b4b9d171f9c7c7\COMCTL32.dll
0x00007ffdfd130000 - 0x00007ffdfd1ce000 	C:\WINDOWS\System32\msvcrt.dll
0x00007ffdfc610000 - 0x00007ffdfc63b000 	C:\WINDOWS\System32\GDI32.dll
0x00007ffdfbbb0000 - 0x00007ffdfbcc9000 	C:\WINDOWS\System32\gdi32full.dll
0x00007ffdfbe50000 - 0x00007ffdfbeed000 	C:\WINDOWS\System32\msvcp_win.dll
0x00007ffdfc770000 - 0x00007ffdfc79f000 	C:\WINDOWS\System32\IMM32.DLL
0x00007ffdf0ac0000 - 0x00007ffdf0acc000 	C:\Users\compu\.jdks\openjdk-24.0.1\bin\vcruntime140_1.dll
0x00007ffdeeb70000 - 0x00007ffdeebfe000 	C:\Users\compu\.jdks\openjdk-24.0.1\bin\msvcp140.dll
0x00007ffd8bfb0000 - 0x00007ffd8cd52000 	C:\Users\compu\.jdks\openjdk-24.0.1\bin\server\jvm.dll
0x00007ffdfcf30000 - 0x00007ffdfcfe1000 	C:\WINDOWS\System32\ADVAPI32.dll
0x00007ffdfcc10000 - 0x00007ffdfccaf000 	C:\WINDOWS\System32\sechost.dll
0x00007ffdfc640000 - 0x00007ffdfc763000 	C:\WINDOWS\System32\RPCRT4.dll
0x00007ffdfb860000 - 0x00007ffdfb887000 	C:\WINDOWS\System32\bcrypt.dll
0x00007ffdfdd00000 - 0x00007ffdfdd6b000 	C:\WINDOWS\System32\WS2_32.dll
0x00007ffdf4110000 - 0x00007ffdf4137000 	C:\WINDOWS\SYSTEM32\WINMM.dll
0x00007ffdf5090000 - 0x00007ffdf509a000 	C:\WINDOWS\SYSTEM32\VERSION.dll
0x00007ffdfb220000 - 0x00007ffdfb26b000 	C:\WINDOWS\SYSTEM32\POWRPROF.dll
0x00007ffdfb200000 - 0x00007ffdfb212000 	C:\WINDOWS\SYSTEM32\UMPDC.dll
0x00007ffdfa1d0000 - 0x00007ffdfa1e2000 	C:\WINDOWS\SYSTEM32\kernel.appcore.dll
0x00007ffdf0a90000 - 0x00007ffdf0a9a000 	C:\Users\compu\.jdks\openjdk-24.0.1\bin\jimage.dll
0x00007ffdf9f90000 - 0x00007ffdfa191000 	C:\WINDOWS\SYSTEM32\DBGHELP.DLL
0x00007ffde7310000 - 0x00007ffde7344000 	C:\WINDOWS\SYSTEM32\dbgcore.DLL
0x00007ffdfba20000 - 0x00007ffdfbaa2000 	C:\WINDOWS\System32\bcryptPrimitives.dll
0x00007ffdeff80000 - 0x00007ffdeff8f000 	C:\Users\compu\.jdks\openjdk-24.0.1\bin\instrument.dll
0x00007ffdef520000 - 0x00007ffdef53e000 	C:\Users\compu\.jdks\openjdk-24.0.1\bin\java.dll
0x00007ffdfdbd0000 - 0x00007ffdfdcfb000 	C:\WINDOWS\System32\ole32.dll
0x00007ffdfc1f0000 - 0x00007ffdfc543000 	C:\WINDOWS\System32\combase.dll
0x00007ffdfd310000 - 0x00007ffdfda7e000 	C:\WINDOWS\System32\SHELL32.dll
0x00007ffdef270000 - 0x00007ffdef287000 	C:\Users\compu\.jdks\openjdk-24.0.1\bin\zip.dll
0x00007ffdf9690000 - 0x00007ffdf9e34000 	C:\WINDOWS\SYSTEM32\windows.storage.dll
0x00007ffdfb290000 - 0x00007ffdfb2bb000 	C:\WINDOWS\SYSTEM32\Wldp.dll
0x00007ffdfd240000 - 0x00007ffdfd30d000 	C:\WINDOWS\System32\OLEAUT32.dll
0x00007ffdfd080000 - 0x00007ffdfd12d000 	C:\WINDOWS\System32\SHCORE.dll
0x00007ffdfdd70000 - 0x00007ffdfddcb000 	C:\WINDOWS\System32\shlwapi.dll
0x00007ffdfb790000 - 0x00007ffdfb7b4000 	C:\WINDOWS\SYSTEM32\profapi.dll
0x00007ffdc3220000 - 0x00007ffdc32f7000 	C:\Users\compu\.jdks\openjdk-24.0.1\bin\jsvml.dll
0x00007ffdefc70000 - 0x00007ffdefc80000 	C:\Users\compu\.jdks\openjdk-24.0.1\bin\net.dll
0x00007ffdfaf20000 - 0x00007ffdfaf8a000 	C:\WINDOWS\system32\mswsock.dll
0x00007ffdee230000 - 0x00007ffdee246000 	C:\Users\compu\.jdks\openjdk-24.0.1\bin\nio.dll
0x00007ffdfac50000 - 0x00007ffdfad1a000 	C:\WINDOWS\SYSTEM32\DNSAPI.dll
0x00007ffdfac00000 - 0x00007ffdfac3b000 	C:\WINDOWS\SYSTEM32\IPHLPAPI.DLL
0x00007ffdfd1d0000 - 0x00007ffdfd1d8000 	C:\WINDOWS\System32\NSI.dll
0x00007ffdefbb0000 - 0x00007ffdefbba000 	C:\Windows\System32\rasadhlp.dll
0x00007ffdf1390000 - 0x00007ffdf1410000 	C:\WINDOWS\System32\fwpuclnt.dll
0x00007ffdef5b0000 - 0x00007ffdef5ba000 	C:\Users\compu\.jdks\openjdk-24.0.1\bin\management.dll
0x00007ffdef580000 - 0x00007ffdef58b000 	C:\Users\compu\.jdks\openjdk-24.0.1\bin\management_ext.dll
0x00007ffdfdeb0000 - 0x00007ffdfdeb8000 	C:\WINDOWS\System32\PSAPI.DLL
0x00007ffdeeb60000 - 0x00007ffdeeb70000 	C:\Users\compu\.jdks\openjdk-24.0.1\bin\verify.dll
0x00007ffdfb120000 - 0x00007ffdfb138000 	C:\WINDOWS\SYSTEM32\CRYPTSP.dll
0x00007ffdfa840000 - 0x00007ffdfa878000 	C:\WINDOWS\system32\rsaenh.dll
0x00007ffdfb710000 - 0x00007ffdfb73e000 	C:\WINDOWS\SYSTEM32\USERENV.dll
0x00007ffdfb110000 - 0x00007ffdfb11c000 	C:\WINDOWS\SYSTEM32\CRYPTBASE.dll
0x00007ffdf4680000 - 0x00007ffdf4697000 	C:\WINDOWS\system32\napinsp.dll
0x00007ffdf4660000 - 0x00007ffdf467b000 	C:\WINDOWS\system32\pnrpnsp.dll
0x00007ffdf7c60000 - 0x00007ffdf7c7d000 	C:\WINDOWS\system32\wshbth.dll
0x00007ffdf7890000 - 0x00007ffdf78ad000 	C:\WINDOWS\system32\NLAapi.dll
0x00007ffdf1d80000 - 0x00007ffdf1d92000 	C:\WINDOWS\System32\winrnr.dll
0x00007ffdee330000 - 0x00007ffdee339000 	C:\Users\compu\.jdks\openjdk-24.0.1\bin\extnet.dll
0x00007ffde0fb0000 - 0x00007ffde1001000 	C:\WINDOWS\SYSTEM32\pdh.dll
0x00007ffdee260000 - 0x00007ffdee26f000 	C:\WINDOWS\System32\perfproc.dll
0x00007ffdee220000 - 0x00007ffdee22e000 	C:\Users\compu\.jdks\openjdk-24.0.1\bin\sunmscapi.dll
0x00007ffdfb890000 - 0x00007ffdfb9ed000 	C:\WINDOWS\System32\CRYPT32.dll
0x00007ffdfb300000 - 0x00007ffdfb327000 	C:\WINDOWS\SYSTEM32\ncrypt.dll
0x00007ffdfb2c0000 - 0x00007ffdfb2fb000 	C:\WINDOWS\SYSTEM32\NTASN1.dll
0x00007ffdc5780000 - 0x00007ffdc5787000 	C:\WINDOWS\system32\wshunix.dll
0x00007ffdc1be0000 - 0x00007ffdc1dee000 	C:\Temp\idea_libasyncProfiler_dll_temp_folder1\libasyncProfiler.dll

JVMTI agents:
C:\Users\compu\.m2\repository/org/aspectj/aspectjweaver/1.9.24/aspectjweaver-1.9.24.jar path:C:\Users\compu\.jdks\openjdk-24.0.1\bin\instrument.dll, loaded, initialized, instrumentlib options:none
C:\Program Files\JetBrains\IntelliJ IDEA 2024.3.4.1\lib\idea_rt.jar path:C:\Users\compu\.jdks\openjdk-24.0.1\bin\instrument.dll, loaded, initialized, instrumentlib options:62662
C:\Users\compu\AppData\Local\JetBrains\IntelliJIdea2024.3\captureAgent\debugger-agent.jar path:C:\Users\compu\.jdks\openjdk-24.0.1\bin\instrument.dll, loaded, initialized, instrumentlib options:none

dbghelp: loaded successfully - version: 4.0.5 - missing functions: none
symbol engine: initialized successfully - sym options: 0x614 - pdb path: .;C:\Users\compu\.jdks\openjdk-24.0.1\bin;C:\WINDOWS\SYSTEM32;C:\WINDOWS\WinSxS\amd64_microsoft.windows.common-controls_6595b64144ccf1df_6.0.19041.5915_none_60b4b9d171f9c7c7;C:\Users\compu\.jdks\openjdk-24.0.1\bin\server;C:\Temp\idea_libasyncProfiler_dll_temp_folder1

VM Arguments:
jvm_args: -ea -javaagent:C:\Users\compu\.m2\repository/org/aspectj/aspectjweaver/1.9.24/aspectjweaver-1.9.24.jar -Didea.test.cyclic.buffer.size=1048576 -javaagent:C:\Program Files\JetBrains\IntelliJ IDEA 2024.3.4.1\lib\idea_rt.jar=62662 -javaagent:C:\Users\compu\AppData\Local\JetBrains\IntelliJIdea2024.3\captureAgent\debugger-agent.jar -Dkotlinx.coroutines.debug.enable.creation.stack.trace=false -Ddebugger.agent.enable.coroutines=true -Dkotlinx.coroutines.debug.enable.flows.stack.trace=true -Dkotlinx.coroutines.debug.enable.mutable.state.flows.stack.trace=true -Dfile.encoding=UTF-8 -Dsun.stdout.encoding=UTF-8 -Dsun.stderr.encoding=UTF-8 
java_command: com.intellij.rt.testng.RemoteTestNGStarter -usedefaultlisteners false -socket62661 @w@C:\Temp\idea_working_dirs_testng.tmp -temp C:\Temp\idea_testng.tmp
java_class_path (initial): C:\Program Files\JetBrains\IntelliJ IDEA 2024.3.4.1\lib\idea_rt.jar;C:\Program Files\JetBrains\IntelliJ IDEA 2024.3.4.1\plugins\testng\lib\testng-rt.jar;A:\Testing\Testing course\Restasur  Rahul\OrangeHRM\test-output\target\test-classes;A:\Testing\Testing course\Restasur  Rahul\OrangeHRM\test-output\target\classes;C:\Users\compu\.m2\repository\org\seleniumhq\selenium\selenium-java\4.34.0\selenium-java-4.34.0.jar;C:\Users\compu\.m2\repository\org\seleniumhq\selenium\selenium-api\4.34.0\selenium-api-4.34.0.jar;C:\Users\compu\.m2\repository\org\jspecify\jspecify\1.0.0\jspecify-1.0.0.jar;C:\Users\compu\.m2\repository\org\seleniumhq\selenium\selenium-chrome-driver\4.34.0\selenium-chrome-driver-4.34.0.jar;C:\Users\compu\.m2\repository\com\google\auto\service\auto-service-annotations\1.1.1\auto-service-annotations-1.1.1.jar;C:\Users\compu\.m2\repository\org\seleniumhq\selenium\selenium-chromium-driver\4.34.0\selenium-chromium-driver-4.34.0.jar;C:\Users\compu\.m2\repository\org\seleniumhq\selenium\selenium-json\4.34.0\selenium-json-4.34.0.jar;C:\Users\compu\.m2\repository\org\seleniumhq\selenium\selenium-manager\4.34.0\selenium-manager-4.34.0.jar;C:\Users\compu\.m2\repository\org\seleniumhq\selenium\selenium-devtools-v136\4.34.0\selenium-devtools-v136-4.34.0.jar;C:\Users\compu\.m2\repository\org\seleniumhq\selenium\selenium-devtools-v137\4.34.0\selenium-devtools-v137-4.34.0.jar;C:\Users\compu\.m2\repository\org\seleniumhq\selenium\selenium-devtools-v138\4.34.0\selenium-devtools-v138-4.34.0.jar;C:\Users\compu\.m2\repository\org\seleniumhq\selenium\selenium-edge-driver\4.34.0\selenium-edge-driver-4.34.0.jar;C:\Users\compu\.m2\repository\org\seleniumhq\selenium\selenium-firefox-driver\4.34.0\selenium-firefox-driver-4.34.0.jar;C:\Users\compu\.m2\repository\org\seleniumhq\selenium\selenium-http\4.34.0\selenium-http-4.34.0.jar;C:\Users\compu\.m2\repository\org\seleniumhq\selenium\selenium-ie-driver\4.34.0\selenium-ie-driver-4.34.0.jar;C:\Users\compu\.m2\repository\org\seleniumhq\selenium\selenium-remote-driver\4.34.0\selenium-remote-driver-4.34.0.jar;C:\Users\compu\.m2\repository\io\opentelemetry\opentelemetry-api\1.51.0\opentelemetry-api-1.51.0.jar;C:\Users\compu\.m2\repository\io\opentelemetry\opentelemetry-context\1.51.0\opentelemetry-context-1.51.0.jar;C:\Users\compu\.m2\repository\io\opentelemetry\opentelemetry-exporter-logging\1.51.0\opentelemetry-exporter-logging-1.51.0.jar;C:\Users\compu\.m2\repository\io\opentelemetry\opentelemetry-sdk-common\1.51.0\opentelemetry-sdk-common-1.51.0.jar;C:\Users\compu\.m2\repository\io\opentelemetry\opentelemetry-sdk-extension-autoconfigure-spi\1.51.0\opentelemetry-sdk-extension-autoconfigure-spi-1.51.0.jar;C:\Users\compu\.m2\repository\io\opentelemetry\opentelemetry-sdk-extension-autoconfigure\1.51.0\opentelemetry-sdk-extension-autoconfigure-1.51.0.jar;C:\Users\compu\.m2\repository\io\opentelemetry\opentelemetry-sdk-trace\1.51.0\opentelemetry-sdk-trace-1.51.0.jar;C:\Users\compu\.m2\repository\io\opentelemetry\opentelemetry-sdk\1.51.0\opentelemetry-sdk-1.51.0.jar;C:\Users\compu\.m2\repository\io\opentelemetry\opentelemetry-sdk-metrics\1.51.0\opentelemetry-sdk-metrics-1.51.0.jar;C:\Users\compu\.m2\repository\io\opentelemetry\opentelemetry-sdk-logs\1.51.0\opentelemetry-sdk-logs-1.51.0.jar;C:\Users\compu\.m2\repository\net\bytebuddy\byte-buddy\1.17.6\byte-buddy-1.17.6.jar;C:\Users\compu\.m2\repository\org\seleniumhq\selenium\selenium-os\4.34.0\selenium-os-4.34.0.jar;C:\Users\compu\.m2\repository\org\apache\commons\commons-exec\1.5.0\commons-exec-1.5.0.jar;C:\Users\compu\.m2\repository\org\seleniumhq\selenium\selenium-safari-driver\4.34.0\selenium-safari-driver-4.34.0.jar;C:\Users\compu\.m2\repository\org\seleniumhq\selenium\selenium-support\4.34.0\selenium-support-4.34.0.jar;C:\Users\compu\.m2\repository\org\testng\testng\7.11.0\testng-7.11.0.jar;C:\Users\compu\.m2\repository\org\slf4j\slf4j-api\2.0.16\slf4j-api-2.0.16.jar;C:\Users\compu\.m2\repository\org\jcommander\jcommander\1.83\jcommander-1.83.jar;C:\Users\compu\.m2\repository\org\webjars\jquery\3.7.1\jquery-3.7.1.jar;C:\Users\compu\.m2\repository\org\junit\jupiter\junit-jupiter\5.13.2\junit-jupiter-5.13.2.jar;C:\Users\compu\.m2\repository\org\junit\jupiter\junit-jupiter-api\5.13.2\junit-jupiter-api-5.13.2.jar;C:\Users\compu\.m2\repository\org\opentest4j\opentest4j\1.3.0\opentest4j-1.3.0.jar;C:\Users\compu\.m2\repository\org\junit\platform\junit-platform-commons\1.13.2\junit-platform-commons-1.13.2.jar;C:\Users\compu\.m2\repository\org\apiguardian\apiguardian-api\1.1.2\apiguardian-api-1.1.2.jar;C:\Users\compu\.m2\repository\org\junit\jupiter\junit-jupiter-params\5.13.2\junit-jupiter-params-5.13.2.jar;C:\Users\compu\.m2\repository\org\junit\jupiter\junit-jupiter-engine\5.13.2\junit-jupiter-engine-5.13.2.jar;C:\Users\compu\.m2\repository\org\junit\platform\junit-platform-engine\1.13.2\junit-platform-engine-1.13.2.jar;C:\Users\compu\.m2\repository\org\apache\logging\log4j\log4j-core\2.25.0\log4j-core-2.25.0.jar;C:\Users\compu\.m2\repository\org\apache\logging\log4j\log4j-api\2.25.0\log4j-api-2.25.0.jar;C:\Users\compu\.m2\repository\org\apache\logging\log4j\log4j-slf4j2-impl\2.25.0\log4j-slf4j2-impl-2.25.0.jar;C:\Users\compu\.m2\repository\commons-io\commons-io\2.19.0\commons-io-2.19.0.jar;C:\Users\compu\.m2\repository\com\jayway\jsonpath\json-path\2.9.0\json-path-2.9.0.jar;C:\Users\compu\.m2\repository\net\minidev\json-smart\2.5.0\json-smart-2.5.0.jar;C:\Users\compu\.m2\repository\net\minidev\accessors-smart\2.5.0\accessors-smart-2.5.0.jar;C:\Users\compu\.m2\repository\org\ow2\asm\asm\9.3\asm-9.3.jar;C:\Users\compu\.m2\repository\com\googlecode\json-simple\json-simple\1.1.1\json-simple-1.1.1.jar;C:\Users\compu\.m2\repository\junit\junit\4.10\junit-4.10.jar;C:\Users\compu\.m2\repository\org\hamcrest\hamcrest-core\1.1\hamcrest-core-1.1.jar;C:\Users\compu\.m2\repository\org\apache\poi\poi\5.4.1\poi-5.4.1.jar;C:\Users\compu\.m2\repository\commons-codec\commons-codec\1.18.0\commons-codec-1.18.0.jar;C:\Users\compu\.m2\repository\org\apache\commons\commons-collections4\4.4\commons-collections4-4.4.jar;C:\Users\compu\.m2\repository\org\apache\commons\commons-math3\3.6.1\commons-math3-3.6.1.jar;C:\Users\compu\.m2\repository\com\zaxxer\SparseBitSet\1.3\SparseBitSet-1.3.jar;C:\Users\compu\.m2\repository\org\apache\poi\poi-ooxml\5.4.1\poi-ooxml-5.4.1.jar;C:\Users\compu\.m2\repository\org\apache\poi\poi-ooxml-lite\5.4.1\poi-ooxml-lite-5.4.1.jar;C:\Users\compu\.m2\repository\org\apache\xmlbeans\xmlbeans\5.3.0\xmlbeans-5.3.0.jar;C:\Users\compu\.m2\repository\org\apache\commons\commons-compress\1.27.1\commons-compress-1.27.1.jar;C:\Users\compu\.m2\repository\org\apache\commons\commons-lang3\3.16.0\commons-lang3-3.16.0.jar;C:\Users\compu\.m2\repository\com\github\virtuald\curvesapi\1.08\curvesapi-1.08.jar;C:\Users\compu\.m2\repository\io\qameta\allure\allure-testng\2.29.1\allure-testng-2.29.1.jar;C:\Users\compu\.m2\repository\io\qameta\allure\allure-java-commons\2.29.1\allure-java-commons-2.29.1.jar;C:\Users\compu\.m2\repository\io\qameta\allure\allure-model\2.29.1\allure-model-2.29.1.jar;C:\Users\compu\.m2\repository\io\qameta\allure\allure-test-filter\2.29.1\allure-test-filter-2.29.1.jar;C:\Users\compu\.m2\repository\org\aspectj\aspectjweaver\1.9.24\aspectjweaver-1.9.24.jar;C:\Users\compu\.m2\repository\com\github\automatedowl\allure-environment-writer\1.0.0\allure-environment-writer-1.0.0.jar;C:\Users\compu\.m2\repository\com\google\guava\guava\27.0-jre\guava-27.0-jre.jar;C:\Users\compu\.m2\repository\com\google\guava\failureaccess\1.0\failureaccess-1.0.jar;C:\Users\compu\.m2\repository\com\google\guava\listenablefuture\9999.0-empty-to-avoid-conflict-with-guava\listenablefuture-9999.0-empty-to-avoid-conflict-with-guava.jar;C:\Users\compu\.m2\repository\com\google\code\findbugs\jsr305\3.0.2\jsr305-3.0.2.jar;C:\Users\compu\.m2\repository\org\checkerframework\checker-qual\2.5.2\checker-qual-2.5.2.jar;C:\Users\compu\.m2\repository\com\google\errorprone\error_prone_annotations\2.2.0\error_prone_annotations-2.2.0.jar;C:\Users\compu\.m2\repository\com\google\j2objc\j2objc-annotations\1.1\j2objc-annotations-1.1.jar;C:\Users\compu\.m2\repository\org\codehaus\mojo\animal-sniffer-annotations\1.17\animal-sniffer-annotations-1.17.jar;C:\Users\compu\.m2\repository\ws\schild\jave-all-deps\3.5.0\jave-all-deps-3.5.0.jar;C:\Users\compu\.m2\repository\ws\schild\jave-core\3.5.0\jave-core-3.5.0.jar;C:\Users\compu\.m2\repository\ws\schild\jave-nativebin-win32\3.5.0\jave-nativebin-win32-3.5.0.jar;C:\Users\compu\.m2\repository\ws\schild\jave-nativebin-win64\3.5.0\jave-nativebin-win64-3.5.0.jar;C:\Users\compu\.m2\repository\ws\schild\jave-nativebin-linux32\3.5.0\jave-nativebin-linux32-3.5.0.jar;C:\Users\compu\.m2\repository\ws\schild\jave-nativebin-linux64\3.5.0\jave-nativebin-linux64-3.5.0.jar;C:\Users\compu\.m2\repository\ws\schild\jave-nativebin-osx64\3.5.0\jave-nativebin-osx64-3.5.0.jar;C:\Users\compu\.m2\repository\ws\schild\jave-nativebin-osxm1\3.5.0\jave-nativebin-osxm1-3.5.0.jar;C:\Users\compu\.m2\repository\ws\schild\jave-nativebin-linux-arm32\3.5.0\jave-nativebin-linux-arm32-3.5.0.jar;C:\Users\compu\.m2\repository\ws\schild\jave-nativebin-linux-arm64\3.5.0\jave-nativebin-linux-arm64-3.5.0.jar;C:\Users\compu\.m2\repository\com\automation-remarks\video-recorder-testng\2.0\video-recorder-testng-2.0.jar;C:\Users\compu\.m2\repository\com\automation-remarks\video-recorder-core\2.0\video-recorder-core-2.0.jar;C:\Users\compu\.m2\repository\org\aeonbits\owner\owner-java8\1.0.10\owner-java8-1.0.10.jar;C:\Users\compu\.m2\repository\org\aeonbits\owner\owner\1.0.10\owner-1.0.10.jar;C:\Users\compu\.m2\repository\org\zeroturnaround\zt-exec\1.10\zt-exec-1.10.jar;C:\Users\compu\.m2\repository\org\awaitility\awaitility\3.1.6\awaitility-3.1.6.jar;C:\Users\compu\.m2\repository\org\hamcrest\hamcrest-library\1.3\hamcrest-library-1.3.jar;C:\Users\compu\.m2\repository\org\objenesis\objenesis\2.6\objenesis-2.6.jar;C:\Users\compu\.m2\repository\org\apache\httpcomponents\httpclient\4.5.7\httpclient-4.5.7.jar;C:\Users\compu\.m2\repository\org\apache\httpcomponents\httpcore\4.4.11\httpcore-4.4.11.jar;C:\Users\compu\.m2\repository\commons-logging\commons-logging\1.2\commons-logging-1.2.jar;C:\Users\compu\.m2\repository\org\json\json\20180813\json-20180813.jar;C:\Users\compu\.m2\repository\org\jsoup\jsoup\1.21.1\jsoup-1.21.1.jar;C:\Users\compu\.m2\repository\io\rest-assured\rest-assured\5.5.1\rest-assured-5.5.1.jar;C:\Users\compu\.m2\repository\org\apache\groovy\groovy\4.0.22\groovy-4.0.22.jar;C:\Users\compu\.m2\repository\org\apache\groovy\groovy-xml\4.0.22\groovy-xml-4.0.22.jar;C:\Users\compu\.m2\repository\org\apache\httpcomponents\httpmime\4.5.13\httpmime-4.5.13.jar;C:\Users\compu\.m2\repository\org\hamcrest\hamcrest\2.2\hamcrest-2.2.jar;C:\Users\compu\.m2\repository\org\ccil\cowan\tagsoup\tagsoup\1.2.1\tagsoup-1.2.1.jar;C:\Users\compu\.m2\repository\io\rest-assured\json-path\5.5.1\json-path-5.5.1.jar;C:\Users\compu\.m2\repository\org\apache\groovy\groovy-json\4.0.22\groovy-json-4.0.22.jar;C:\Users\compu\.m2\repository\io\rest-assured\rest-assured-common\5.5.1\rest-assured-common-5.5.1.jar;C:\Users\compu\.m2\repository\io\rest-assured\xml-path\5.5.1\xml-path-5.5.1.jar
Launcher Type: SUN_STANDARD

[Global flags]
     intx CICompilerCount                          = 3                                         {product} {ergonomic}
     uint ConcGCThreads                            = 1                                         {product} {ergonomic}
     bool FlightRecorder                           = true                                      {product} {management}
     uint G1ConcRefinementThreads                  = 4                                         {product} {ergonomic}
   size_t G1HeapRegionSize                         = 2097152                                   {product} {ergonomic}
   size_t InitialHeapSize                          = 264241152                                 {product} {ergonomic}
   size_t MarkStackSize                            = 4194304                                   {product} {ergonomic}
   size_t MarkStackSizeMax                         = 536870912                                 {product} {ergonomic}
   size_t MaxHeapSize                              = 4206886912                                {product} {ergonomic}
   size_t MaxNewSize                               = 2522873856                                {product} {ergonomic}
   size_t MinHeapDeltaBytes                        = 2097152                                   {product} {ergonomic}
   size_t MinHeapSize                              = 8388608                                   {product} {ergonomic}
    uintx NonNMethodCodeHeapSize                   = 5832704                                {pd product} {ergonomic}
    uintx NonProfiledCodeHeapSize                  = 122945536                              {pd product} {ergonomic}
    uintx ProfiledCodeHeapSize                     = 122880000                              {pd product} {ergonomic}
    uintx ReservedCodeCacheSize                    = 251658240                              {pd product} {ergonomic}
     bool SegmentedCodeCache                       = true                                      {product} {ergonomic}
   size_t SoftMaxHeapSize                          = 4206886912                             {manageable} {ergonomic}
     bool UseCompressedOops                        = true                           {product lp64_product} {ergonomic}
     bool UseG1GC                                  = true                                      {product} {ergonomic}
     bool UseLargePagesIndividualAllocation        = false                                  {pd product} {ergonomic}

Logging:
Log output configuration:
 #0: stdout all=warning uptime,level,tags foldmultilines=false
 #1: stderr all=off uptime,level,tags foldmultilines=false

Environment Variables:
JAVA_HOME=C:\Program Files\Java\jdk-21
PATH=C:\Program Files (x86)\VMware\VMware Workstation\bin\;C:\Program Files\Common Files\Oracle\Java\javapath;C:\Program Files (x86)\Common Files\Oracle\Java\java8path;C:\Program Files (x86)\Common Files\Oracle\Java\javapath;C:\Program Files (x86)\ActiveState Komodo IDE 11\;C:\WINDOWS\system32;C:\WINDOWS;C:\WINDOWS\System32\Wbem;C:\WINDOWS\System32\WindowsPowerShell\v1.0\;C:\WINDOWS\System32\OpenSSH\;C:\Program Files\Microsoft SQL Server\110\Tools\Binn\;C:\spark\spark-3.5.0-bin-hadoop3\bin;C:\Program Files\Java\jdk1.8.0_301\bin;C:\Program Files (x86)\AOMEI\AOMEI Backupper\7.3.5;C:\Program Files\Java\jdk1.8.0_202\bin;C:\Program Files\Java\jdk-21\bin;C:\Program Files\Java\jdk-21\bin;C:\Program Files\Git\cmd;C:\Program Files (x86)\Microsoft SQL Server\160\Tools\Binn\;C:\Program Files\Microsoft SQL Server\160\Tools\Binn\;C:\Program Files\Microsoft SQL Server\Client SDK\ODBC\170\Tools\Binn\;C:\Program Files\Microsoft SQL Server\160\DTS\Binn\;C:\Program Files (x86)\Microsoft SQL Server\160\DTS\Binn\;C:\Program Files\PuTTY\;C:\Program Files\nodejs\;C:\Users\compu\.m2\allure-2.34.1\bin;E:\anaconda\Anaconda3 (64-bit)\anaconda3;E:\anaconda\Anaconda3 (64-bit)\anaconda3\Library\mingw-w64\bin;E:\anaconda\Anaconda3 (64-bit)\anaconda3\Library\usr\bin;E:\anaconda\Anaconda3 (64-bit)\anaconda3\Library\bin;E:\anaconda\Anaconda3 (64-bit)\anaconda3\Scripts;C:\Program Files\MySQL\MySQL Shell 8.0\bin\;C:\Users\compu\AppData\Local\Microsoft\WindowsApps;C:\Program Files\JetBrains\PyCharm Community Edition 2020.2.3\bin;;C:\Program Files\JetBrains\IntelliJ IDEA Community Edition 2024.1.4\bin;;C:\Users\compu\AppData\Local\Programs\Microsoft VS Code\bin;C:\Program Files\JetBrains\IntelliJ IDEA 2024.3.4.1\bin;;C:\Users\compu\AppData\Roaming\npm
USERNAME=compu
OS=Windows_NT
PROCESSOR_IDENTIFIER=Intel64 Family 6 Model 60 Stepping 3, GenuineIntel
TMP=C:\Temp
TEMP=C:\Temp




Periodic native trim disabled

---------------  S Y S T E M  ---------------

OS:
 Windows 10 , 64 bit Build 19041 (10.0.19041.5915)
OS uptime: 0 days 5:29 hours

CPU: total 4 (initial active 4) (2 cores per cpu, 2 threads per core) family 6 model 60 stepping 3 microcode 0x27, cx8, cmov, fxsr, ht, mmx, sse, sse2, sse3, ssse3, sse4.1, sse4.2, popcnt, lzcnt, tsc, tscinvbit, avx, avx2, aes, erms, clmul, bmi1, bmi2, fma, vzeroupper, clflush, rdtscp, f16c
Processor Information for the first 4 processors :
  Max Mhz: 3001, Current Mhz: 3000, Mhz Limit: 2970

Memory: 4k page, system-wide physical 16041M (4995M free)
TotalPageFile size 23209M (AvailPageFile size 8432M)
current process WorkingSet (physical memory assigned to process): 464M, peak: 464M
current process commit charge ("private bytes"): 527M, peak: 527M

vm_info: OpenJDK 64-Bit Server VM (24.0.1+9-30) for windows-amd64 JRE (24.0.1+9-30), built on 2025-03-05T07:23:45Z with MS VC++ 17.6 (VS2022)

END.
